{"D:\\sonor\\sonar-scanner-7.2.0.5079-windows-x64\\conf\\vue1\\my-vue-project\\src\\App.vue": {"path":"D:\\sonor\\sonar-scanner-7.2.0.5079-windows-x64\\conf\\vue1\\my-vue-project\\src\\App.vue","statementMap":{"0":{"start":{"line":3,"column":0},"end":{"line":5,"column":3}},"1":{"start":{"line":6,"column":0},"end":{"line":6,"column":24}},"2":{"start":{"line":7,"column":11},"end":{"line":7,"column":25}},"3":{"start":{"line":8,"column":19},"end":{"line":10,"column":1}},"4":{"start":{"line":12,"column":33},"end":{"line":12,"column":74}},"5":{"start":{"line":13,"column":2},"end":{"line":13,"column":281}},"6":{"start":{"line":14,"column":2},"end":{"line":14,"column":49}}},"fnMap":{"0":{"name":"render","decl":{"start":{"line":11,"column":9},"end":{"line":11,"column":15}},"loc":{"start":{"line":11,"column":30},"end":{"line":14,"column":1}},"line":11}},"branchMap":{},"s":{"0":0,"1":0,"2":0,"3":0,"4":0,"5":0,"6":0},"f":{"0":0},"b":{},"inputSourceMap":{"0":"{","1":"\"","2":"v","3":"e","4":"r","5":"s","6":"i","7":"o","8":"n","9":"\"","10":":","11":"3","12":",","13":"\"","14":"s","15":"o","16":"u","17":"r","18":"c","19":"e","20":"s","21":"\"","22":":","23":"[","24":"]","25":",","26":"\"","27":"n","28":"a","29":"m","30":"e","31":"s","32":"\"","33":":","34":"[","35":"]","36":",","37":"\"","38":"m","39":"a","40":"p","41":"p","42":"i","43":"n","44":"g","45":"s","46":"\"","47":":","48":"\"","49":"\"","50":",","51":"\"","52":"f","53":"i","54":"l","55":"e","56":"\"","57":":","58":"\"","59":"D","60":":","61":"\\","62":"\\","63":"s","64":"o","65":"n","66":"o","67":"r","68":"\\","69":"\\","70":"s","71":"o","72":"n","73":"a","74":"r","75":"-","76":"s","77":"c","78":"a","79":"n","80":"n","81":"e","82":"r","83":"-","84":"7","85":".","86":"2","87":".","88":"0","89":".","90":"5","91":"0","92":"7","93":"9","94":"-","95":"w","96":"i","97":"n","98":"d","99":"o","100":"w","101":"s","102":"-","103":"x","104":"6","105":"4","106":"\\","107":"\\","108":"c","109":"o","110":"n","111":"f","112":"\\","113":"\\","114":"v","115":"u","116":"e","117":"1","118":"\\","119":"\\","120":"m","121":"y","122":"-","123":"v","124":"u","125":"e","126":"-","127":"p","128":"r","129":"o","130":"j","131":"e","132":"c","133":"t","134":"\\","135":"\\","136":"s","137":"r","138":"c","139":"\\","140":"\\","141":"A","142":"p","143":"p","144":".","145":"v","146":"u","147":"e","148":"\"","149":"}"}}
,"D:\\sonor\\sonar-scanner-7.2.0.5079-windows-x64\\conf\\vue1\\my-vue-project\\src\\components\\About.vue": {"path":"D:\\sonor\\sonar-scanner-7.2.0.5079-windows-x64\\conf\\vue1\\my-vue-project\\src\\components\\About.vue","statementMap":{"0":{"start":{"line":4,"column":0},"end":{"line":6,"column":3}},"1":{"start":{"line":7,"column":0},"end":{"line":7,"column":25}},"2":{"start":{"line":8,"column":15},"end":{"line":75,"column":1}},"3":{"start":{"line":11,"column":4},"end":{"line":17,"column":6}},"4":{"start":{"line":21,"column":14},"end":{"line":21,"column":15}},"5":{"start":{"line":22,"column":6},"end":{"line":22,"column":34}},"6":{"start":{"line":23,"column":6},"end":{"line":25,"column":9}},"7":{"start":{"line":29,"column":6},"end":{"line":32,"column":9}},"8":{"start":{"line":30,"column":8},"end":{"line":30,"column":72}},"9":{"start":{"line":31,"column":8},"end":{"line":31,"column":71}},"10":{"start":{"line":35,"column":6},"end":{"line":40,"column":7}},"11":{"start":{"line":35,"column":23},"end":{"line":35,"column":24}},"12":{"start":{"line":36,"column":8},"end":{"line":36,"column":51}},"13":{"start":{"line":37,"column":8},"end":{"line":39,"column":17}},"14":{"start":{"line":38,"column":10},"end":{"line":38,"column":50}},"15":{"start":{"line":43,"column":6},"end":{"line":48,"column":7}},"16":{"start":{"line":43,"column":23},"end":{"line":43,"column":24}},"17":{"start":{"line":44,"column":8},"end":{"line":44,"column":51}},"18":{"start":{"line":45,"column":8},"end":{"line":47,"column":17}},"19":{"start":{"line":46,"column":10},"end":{"line":46,"column":50}},"20":{"start":{"line":51,"column":6},"end":{"line":56,"column":7}},"21":{"start":{"line":51,"column":23},"end":{"line":51,"column":24}},"22":{"start":{"line":52,"column":8},"end":{"line":52,"column":51}},"23":{"start":{"line":53,"column":8},"end":{"line":55,"column":17}},"24":{"start":{"line":54,"column":10},"end":{"line":54,"column":50}},"25":{"start":{"line":59,"column":6},"end":{"line":64,"column":7}},"26":{"start":{"line":59,"column":23},"end":{"line":59,"column":24}},"27":{"start":{"line":60,"column":8},"end":{"line":60,"column":51}},"28":{"start":{"line":61,"column":8},"end":{"line":63,"column":17}},"29":{"start":{"line":62,"column":10},"end":{"line":62,"column":50}},"30":{"start":{"line":65,"column":14},"end":{"line":65,"column":15}},"31":{"start":{"line":66,"column":14},"end":{"line":66,"column":15}},"32":{"start":{"line":67,"column":14},"end":{"line":67,"column":15}},"33":{"start":{"line":68,"column":6},"end":{"line":72,"column":7}},"34":{"start":{"line":69,"column":8},"end":{"line":69,"column":28}},"35":{"start":{"line":70,"column":13},"end":{"line":72,"column":7}},"36":{"start":{"line":71,"column":8},"end":{"line":71,"column":28}},"37":{"start":{"line":76,"column":0},"end":{"line":76,"column":13}},"38":{"start":{"line":78,"column":0},"end":{"line":80,"column":3}},"39":{"start":{"line":81,"column":0},"end":{"line":81,"column":24}},"40":{"start":{"line":82,"column":11},"end":{"line":82,"column":25}},"41":{"start":{"line":83,"column":19},"end":{"line":85,"column":1}},"42":{"start":{"line":87,"column":2},"end":{"line":112,"column":34}},"43":{"start":{"line":88,"column":52},"end":{"line":88,"column":91}},"44":{"start":{"line":91,"column":63},"end":{"line":91,"column":92}},"45":{"start":{"line":95,"column":63},"end":{"line":95,"column":93}},"46":{"start":{"line":98,"column":52},"end":{"line":98,"column":99}},"47":{"start":{"line":102,"column":63},"end":{"line":102,"column":87}},"48":{"start":{"line":109,"column":52},"end":{"line":109,"column":97}},"49":{"start":{"line":113,"column":2},"end":{"line":113,"column":49}}},"fnMap":{"0":{"name":"(anonymous_0)","decl":{"start":{"line":10,"column":8},"end":{"line":10,"column":9}},"loc":{"start":{"line":10,"column":20},"end":{"line":18,"column":3}},"line":10},"1":{"name":"(anonymous_1)","decl":{"start":{"line":20,"column":4},"end":{"line":20,"column":5}},"loc":{"start":{"line":20,"column":15},"end":{"line":26,"column":5}},"line":20},"2":{"name":"(anonymous_2)","decl":{"start":{"line":28,"column":4},"end":{"line":28,"column":5}},"loc":{"start":{"line":28,"column":19},"end":{"line":33,"column":5}},"line":28},"3":{"name":"(anonymous_3)","decl":{"start":{"line":29,"column":21},"end":{"line":29,"column":22}},"loc":{"start":{"line":29,"column":27},"end":{"line":32,"column":7}},"line":29},"4":{"name":"(anonymous_4)","decl":{"start":{"line":34,"column":4},"end":{"line":34,"column":5}},"loc":{"start":{"line":34,"column":18},"end":{"line":41,"column":5}},"line":34},"5":{"name":"(anonymous_5)","decl":{"start":{"line":37,"column":19},"end":{"line":37,"column":20}},"loc":{"start":{"line":37,"column":25},"end":{"line":39,"column":9}},"line":37},"6":{"name":"(anonymous_6)","decl":{"start":{"line":42,"column":4},"end":{"line":42,"column":5}},"loc":{"start":{"line":42,"column":19},"end":{"line":49,"column":5}},"line":42},"7":{"name":"(anonymous_7)","decl":{"start":{"line":45,"column":19},"end":{"line":45,"column":20}},"loc":{"start":{"line":45,"column":25},"end":{"line":47,"column":9}},"line":45},"8":{"name":"(anonymous_8)","decl":{"start":{"line":50,"column":4},"end":{"line":50,"column":5}},"loc":{"start":{"line":50,"column":19},"end":{"line":57,"column":5}},"line":50},"9":{"name":"(anonymous_9)","decl":{"start":{"line":53,"column":19},"end":{"line":53,"column":20}},"loc":{"start":{"line":53,"column":25},"end":{"line":55,"column":9}},"line":53},"10":{"name":"(anonymous_10)","decl":{"start":{"line":58,"column":4},"end":{"line":58,"column":5}},"loc":{"start":{"line":58,"column":19},"end":{"line":73,"column":5}},"line":58},"11":{"name":"(anonymous_11)","decl":{"start":{"line":61,"column":19},"end":{"line":61,"column":20}},"loc":{"start":{"line":61,"column":25},"end":{"line":63,"column":9}},"line":61},"12":{"name":"render","decl":{"start":{"line":86,"column":9},"end":{"line":86,"column":15}},"loc":{"start":{"line":86,"column":30},"end":{"line":113,"column":1}},"line":86},"13":{"name":"(anonymous_13)","decl":{"start":{"line":88,"column":39},"end":{"line":88,"column":40}},"loc":{"start":{"line":88,"column":52},"end":{"line":88,"column":91}},"line":88},"14":{"name":"(anonymous_14)","decl":{"start":{"line":91,"column":53},"end":{"line":91,"column":54}},"loc":{"start":{"line":91,"column":63},"end":{"line":91,"column":92}},"line":91},"15":{"name":"(anonymous_15)","decl":{"start":{"line":95,"column":53},"end":{"line":95,"column":54}},"loc":{"start":{"line":95,"column":63},"end":{"line":95,"column":93}},"line":95},"16":{"name":"(anonymous_16)","decl":{"start":{"line":98,"column":39},"end":{"line":98,"column":40}},"loc":{"start":{"line":98,"column":52},"end":{"line":98,"column":99}},"line":98},"17":{"name":"(anonymous_17)","decl":{"start":{"line":102,"column":53},"end":{"line":102,"column":54}},"loc":{"start":{"line":102,"column":63},"end":{"line":102,"column":87}},"line":102},"18":{"name":"(anonymous_18)","decl":{"start":{"line":109,"column":39},"end":{"line":109,"column":40}},"loc":{"start":{"line":109,"column":52},"end":{"line":109,"column":97}},"line":109}},"branchMap":{"0":{"loc":{"start":{"line":68,"column":6},"end":{"line":72,"column":7}},"type":"if","locations":[{"start":{"line":68,"column":6},"end":{"line":72,"column":7}},{"start":{"line":70,"column":13},"end":{"line":72,"column":7}}],"line":68},"1":{"loc":{"start":{"line":70,"column":13},"end":{"line":72,"column":7}},"type":"if","locations":[{"start":{"line":70,"column":13},"end":{"line":72,"column":7}},{"start":{},"end":{}}],"line":70},"2":{"loc":{"start":{"line":87,"column":75},"end":{"line":87,"column":167}},"type":"binary-expr","locations":[{"start":{"line":87,"column":75},"end":{"line":87,"column":84}},{"start":{"line":87,"column":89},"end":{"line":87,"column":166}}],"line":87},"3":{"loc":{"start":{"line":88,"column":13},"end":{"line":88,"column":92}},"type":"binary-expr","locations":[{"start":{"line":88,"column":13},"end":{"line":88,"column":22}},{"start":{"line":88,"column":27},"end":{"line":88,"column":91}}],"line":88},"4":{"loc":{"start":{"line":88,"column":52},"end":{"line":88,"column":91}},"type":"binary-expr","locations":[{"start":{"line":88,"column":52},"end":{"line":88,"column":65}},{"start":{"line":88,"column":69},"end":{"line":88,"column":91}}],"line":88},"5":{"loc":{"start":{"line":91,"column":27},"end":{"line":91,"column":93}},"type":"binary-expr","locations":[{"start":{"line":91,"column":27},"end":{"line":91,"column":36}},{"start":{"line":91,"column":41},"end":{"line":91,"column":92}}],"line":91},"6":{"loc":{"start":{"line":95,"column":27},"end":{"line":95,"column":94}},"type":"binary-expr","locations":[{"start":{"line":95,"column":27},"end":{"line":95,"column":36}},{"start":{"line":95,"column":41},"end":{"line":95,"column":93}}],"line":95},"7":{"loc":{"start":{"line":98,"column":13},"end":{"line":98,"column":100}},"type":"binary-expr","locations":[{"start":{"line":98,"column":13},"end":{"line":98,"column":22}},{"start":{"line":98,"column":27},"end":{"line":98,"column":99}}],"line":98},"8":{"loc":{"start":{"line":98,"column":52},"end":{"line":98,"column":99}},"type":"binary-expr","locations":[{"start":{"line":98,"column":52},"end":{"line":98,"column":69}},{"start":{"line":98,"column":73},"end":{"line":98,"column":99}}],"line":98},"9":{"loc":{"start":{"line":102,"column":27},"end":{"line":102,"column":88}},"type":"binary-expr","locations":[{"start":{"line":102,"column":27},"end":{"line":102,"column":36}},{"start":{"line":102,"column":41},"end":{"line":102,"column":87}}],"line":102},"10":{"loc":{"start":{"line":109,"column":13},"end":{"line":109,"column":98}},"type":"binary-expr","locations":[{"start":{"line":109,"column":13},"end":{"line":109,"column":22}},{"start":{"line":109,"column":27},"end":{"line":109,"column":97}}],"line":109},"11":{"loc":{"start":{"line":109,"column":52},"end":{"line":109,"column":97}},"type":"binary-expr","locations":[{"start":{"line":109,"column":52},"end":{"line":109,"column":68}},{"start":{"line":109,"column":72},"end":{"line":109,"column":97}}],"line":109},"12":{"loc":{"start":{"line":110,"column":114},"end":{"line":112,"column":31}},"type":"binary-expr","locations":[{"start":{"line":110,"column":114},"end":{"line":110,"column":123}},{"start":{"line":110,"column":128},"end":{"line":112,"column":30}}],"line":110}},"s":{"0":0,"1":0,"2":0,"3":0,"4":0,"5":0,"6":0,"7":0,"8":0,"9":0,"10":0,"11":0,"12":0,"13":0,"14":0,"15":0,"16":0,"17":0,"18":0,"19":0,"20":0,"21":0,"22":0,"23":0,"24":0,"25":0,"26":0,"27":0,"28":0,"29":0,"30":0,"31":0,"32":0,"33":0,"34":0,"35":0,"36":0,"37":0,"38":0,"39":0,"40":0,"41":0,"42":0,"43":0,"44":0,"45":0,"46":0,"47":0,"48":0,"49":0},"f":{"0":0,"1":0,"2":0,"3":0,"4":0,"5":0,"6":0,"7":0,"8":0,"9":0,"10":0,"11":0,"12":0,"13":0,"14":0,"15":0,"16":0,"17":0,"18":0},"b":{"0":[0,0],"1":[0,0],"2":[0,0],"3":[0,0],"4":[0,0],"5":[0,0],"6":[0,0],"7":[0,0],"8":[0,0],"9":[0,0],"10":[0,0],"11":[0,0],"12":[0,0]},"inputSourceMap":{"0":"{","1":"\"","2":"v","3":"e","4":"r","5":"s","6":"i","7":"o","8":"n","9":"\"","10":":","11":"3","12":",","13":"\"","14":"s","15":"o","16":"u","17":"r","18":"c","19":"e","20":"s","21":"\"","22":":","23":"[","24":"\"","25":"D","26":":","27":"\\","28":"\\","29":"s","30":"o","31":"n","32":"o","33":"r","34":"\\","35":"\\","36":"s","37":"o","38":"n","39":"a","40":"r","41":"-","42":"s","43":"c","44":"a","45":"n","46":"n","47":"e","48":"r","49":"-","50":"7","51":".","52":"2","53":".","54":"0","55":".","56":"5","57":"0","58":"7","59":"9","60":"-","61":"w","62":"i","63":"n","64":"d","65":"o","66":"w","67":"s","68":"-","69":"x","70":"6","71":"4","72":"\\","73":"\\","74":"c","75":"o","76":"n","77":"f","78":"\\","79":"\\","80":"v","81":"u","82":"e","83":"1","84":"\\","85":"\\","86":"m","87":"y","88":"-","89":"v","90":"u","91":"e","92":"-","93":"p","94":"r","95":"o","96":"j","97":"e","98":"c","99":"t","100":"\\","101":"\\","102":"s","103":"r","104":"c","105":"\\","106":"\\","107":"c","108":"o","109":"m","110":"p","111":"o","112":"n","113":"e","114":"n","115":"t","116":"s","117":"\\","118":"\\","119":"A","120":"b","121":"o","122":"u","123":"t","124":".","125":"v","126":"u","127":"e","128":"\"","129":"]","130":",","131":"\"","132":"n","133":"a","134":"m","135":"e","136":"s","137":"\"","138":":","139":"[","140":"]","141":",","142":"\"","143":"m","144":"a","145":"p","146":"p","147":"i","148":"n","149":"g","150":"s","151":"\"","152":":","153":"\"","154":";","155":";","156":";","157":";","158":";","159":";","160":";","161":"i","162":"C","163":"A","164":"k","165":"B","166":"e","167":";","168":"E","169":"A","170":"C","171":"b","172":",","173":"I","174":"A","175":"A","176":"I","177":",","178":"E","179":"A","180":"A","181":"E","182":",","183":"Y","184":"A","185":"A","186":"Y","187":";","188":"E","189":"A","190":"C","191":"l","192":"B","193":",","194":"I","195":"A","196":"A","197":"I","198":",","199":"E","200":"A","201":"A","202":"E","203":",","204":"Y","205":"A","206":"A","207":"Y","208":";","209":"I","210":"A","211":"C","212":"h","213":"B","214":",","215":"O","216":"A","217":"A","218":"O","219":";","220":"M","221":"A","222":"C","223":"L","224":",","225":"e","226":"A","227":"A","228":"e","229":",","230":"E","231":"A","232":"A","233":"E","234":",","235":"E","236":"A","237":"A","238":"E","239":";","240":"M","241":"A","242":"C","243":"n","244":"B","245":",","246":"g","247":"B","248":"A","249":"A","250":"g","251":"B","252":",","253":"E","254":"A","255":"A","256":"E","257":",","258":"E","259":"A","260":"A","261":"E","262":";","263":"M","264":"A","265":"C","266":"p","267":"B","268":",","269":"U","270":"A","271":"A","272":"U","273":",","274":"E","275":"A","276":"A","277":"E","278":",","279":"E","280":"A","281":"A","282":"E","283":";","284":"M","285":"A","286":"C","287":"d","288":",","289":"U","290":"A","291":"A","292":"U","293":",","294":"E","295":"A","296":"A","297":"E","298":",","299":"C","300":"A","301":"A","302":"C","303":",","304":"Q","305":"A","306":"A","307":"Q","308":",","309":"E","310":"A","311":"A","312":"E","313":",","314":"O","315":"A","316":"A","317":"O","318":",","319":"E","320":"A","321":"A","322":"E","323":",","324":"M","325":"A","326":"A","327":"M","328":",","329":"E","330":"A","331":"A","332":"E","333":",","334":"Y","335":"A","336":"A","337":"Y","338":",","339":"C","340":"A","341":"A","342":"C","343":";","344":"M","345":"A","346":"C","347":"r","348":"D","349":",","350":"S","351":"A","352":"A","353":"S","354":",","355":"E","356":"A","357":"A","358":"E","359":";","360":"I","361":"A","362":"C","363":"b","364":",","365":"C","366":"A","367":"A","368":"C","369":";","370":"E","371":"A","372":"C","373":"H","374":",","375":"C","376":"A","377":"A","378":"C","379":";","380":"E","381":"A","382":"C","383":"D","384":",","385":"O","386":"A","387":"A","388":"O","389":",","390":"E","391":"A","392":"A","393":"E","394":";","395":"I","396":"A","397":"C","398":"P","399":",","400":"Q","401":"A","402":"A","403":"Q","404":",","405":"G","406":"A","407":"A","408":"G","409":";","410":"M","411":"A","412":"C","413":"T","414":",","415":"I","416":"A","417":"A","418":"I","419":",","420":"C","421":"A","422":"A","423":"C","424":",","425":"G","426":"A","427":"A","428":"G","429":",","430":"C","431":"A","432":"A","433":"C","434":";","435":"M","436":"A","437":"C","438":"T","439":",","440":"O","441":"A","442":"A","443":"O","444":",","445":"C","446":"A","447":"A","448":"C","449":",","450":"G","451":"A","452":"A","453":"G","454":",","455":"C","456":"A","457":"A","458":"C","459":",","460":"W","461":"A","462":"A","463":"W","464":",","465":"E","466":"A","467":"A","468":"E","469":",","470":"C","471":"A","472":"A","473":"C","474":",","475":"C","476":"A","477":"A","478":"C","479":";","480":"M","481":"A","482":"C","483":"3","484":"B","485":",","486":"I","487":"A","488":"A","489":"I","490":",","491":"C","492":"A","493":"A","494":"C","495":",","496":"O","497":"A","498":"A","499":"O","500":",","501":"C","502":"A","503":"A","504":"C","505":",","506":"I","507":"A","508":"A","509":"I","510":",","511":"C","512":"A","513":"A","514":"C","515":";","516":"Q","517":"A","518":"A","519":"E","520":",","521":"I","522":"A","523":"A","524":"I","525":",","526":"E","527":"A","528":"A","529":"E","530":";","531":"M","532":"A","533":"A","534":"O","535":",","536":"C","537":"A","538":"A","539":"C","540":",","541":"C","542":"A","543":"A","544":"C","545":";","546":"I","547":"A","548":"C","549":"r","550":"C","551":",","552":"C","553":"A","554":"A","555":"C","556":";","557":"I","558":"A","559":"C","560":"D","561":";","562":"I","563":"A","564":"C","565":"A","566":",","567":"Y","568":"A","569":"A","570":"Y","571":",","572":"G","573":"A","574":"A","575":"G","576":";","577":"M","578":"A","579":"C","580":"b","581":",","582":"I","583":"A","584":"A","585":"I","586":",","587":"C","588":"A","589":"A","590":"C","591":",","592":"S","593":"A","594":"A","595":"S","596":",","597":"C","598":"A","599":"A","600":"C","601":",","602":"M","603":"A","604":"A","605":"M","606":";","607":"Q","608":"A","609":"C","610":"n","611":"B","612":",","613":"O","614":"A","615":"A","616":"O","617":",","618":"C","619":"A","620":"A","621":"C","622":",","623":"G","624":"A","625":"A","626":"G","627":",","628":"C","629":"A","630":"A","631":"C","632":",","633":"K","634":"A","635":"A","636":"K","637":",","638":"E","639":"A","640":"A","641":"E","642":",","643":"I","644":"A","645":"A","646":"I","647":",","648":"C","649":"A","650":"A","651":"C","652":",","653":"e","654":"A","655":"A","656":"e","657":",","658":"E","659":"A","660":"A","661":"E","662":",","663":"I","664":"A","665":"A","666":"I","667":",","668":"C","669":"A","670":"A","671":"C","672":",","673":"g","674":"B","675":"A","676":"A","677":"g","678":"B","679":",","680":"C","681":"A","682":"A","683":"C","684":";","685":"Q","686":"A","687":"C","688":"/","689":"D","690":",","691":"I","692":"A","693":"A","694":"I","695":",","696":"C","697":"A","698":"A","699":"C","700":",","701":"U","702":"A","703":"A","704":"U","705":",","706":"G","707":"A","708":"A","709":"G","710":",","711":"I","712":"A","713":"A","714":"I","715":",","716":"C","717":"A","718":"A","719":"C","720":",","721":"e","722":"A","723":"A","724":"e","725":",","726":"G","727":"A","728":"A","729":"G","730":",","731":"I","732":"A","733":"A","734":"I","735":",","736":"C","737":"A","738":"A","739":"C","740":",","741":"g","742":"B","743":"A","744":"A","745":"g","746":"B","747":";","748":"M","749":"A","750":"C","751":"h","752":"E","753":",","754":"C","755":"A","756":"A","757":"C","758":",","759":"C","760":"A","761":"A","762":"C","763":";","764":"I","765":"A","766":"C","767":"J","768":",","769":"C","770":"A","771":"A","772":"C","773":";","774":"I","775":"A","776":"C","777":"D","778":",","779":"W","780":"A","781":"A","782":"W","783":",","784":"G","785":"A","786":"A","787":"G","788":";","789":"M","790":"A","791":"C","792":"Z","793":",","794":"K","795":"A","796":"A","797":"K","798":",","799":"I","800":"A","801":"A","802":"I","803":",","804":"K","805":"A","806":"A","807":"K","808":",","809":"G","810":"A","811":"A","812":"G","813":",","814":"C","815":"A","816":"A","817":"C","818":",","819":"E","820":"A","821":"A","822":"E","823":",","824":"K","825":"A","826":"A","827":"K","828":",","829":"G","830":"A","831":"A","832":"G","833":",","834":"I","835":"A","836":"A","837":"I","838":",","839":"C","840":"A","841":"A","842":"C","843":",","844":"U","845":"A","846":"A","847":"U","848":",","849":"C","850":"A","851":"A","852":"C","853":",","854":"M","855":"A","856":"A","857":"M","858":",","859":"E","860":"A","861":"A","862":"E","863":",","864":"K","865":"A","866":"A","867":"K","868":",","869":"E","870":"A","871":"A","872":"E","873":",","874":"E","875":"A","876":"A","877":"E","878":";","879":"Q","880":"A","881":"C","882":"3","883":"D","884":",","885":"O","886":"A","887":"A","888":"O","889":",","890":"C","891":"A","892":"A","893":"C","894":",","895":"G","896":"A","897":"A","898":"G","899":",","900":"C","901":"A","902":"A","903":"C","904":",","905":"K","906":"A","907":"A","908":"K","909":",","910":"E","911":"A","912":"A","913":"E","914":",","915":"I","916":"A","917":"A","918":"I","919":",","920":"C","921":"A","922":"A","923":"C","924":",","925":"U","926":"A","927":"A","928":"U","929":",","930":"C","931":"A","932":"A","933":"C","934":",","935":"K","936":"A","937":"A","938":"K","939":",","940":"C","941":"A","942":"A","943":"C","944":",","945":"C","946":"A","947":"A","948":"C","949":";","950":"Q","951":"A","952":"C","953":"1","954":"C","955":",","956":"U","957":"A","958":"A","959":"U","960":",","961":"C","962":"A","963":"A","964":"C","965":",","966":"M","967":"A","968":"A","969":"M","970":";","971":"U","972":"A","973":"C","974":"f","975":",","976":"I","977":"A","978":"A","979":"I","980":",","981":"C","982":"A","983":"A","984":"C","985":",","986":"S","987":"A","988":"A","989":"S","990":",","991":"G","992":"A","993":"A","994":"G","995":",","996":"I","997":"A","998":"A","999":"I","1000":",","1001":"C","1002":"A","1003":"A","1004":"C","1005":",","1006":"U","1007":"A","1008":"A","1009":"U","1010":",","1011":"C","1012":"A","1013":"A","1014":"C","1015":",","1016":"K","1017":"A","1018":"A","1019":"K","1020":",","1021":"C","1022":"A","1023":"A","1024":"C","1025":";","1026":"Q","1027":"A","1028":"C","1029":"z","1030":"C","1031":",","1032":"C","1033":"A","1034":"A","1035":"C","1036":",","1037":"E","1038":"A","1039":"A","1040":"E","1041":",","1042":"I","1043":"A","1044":"A","1045":"I","1046":",","1047":"C","1048":"A","1049":"A","1050":"C","1051":";","1052":"M","1053":"A","1054":"C","1055":"V","1056":";","1057":"I","1058":"A","1059":"C","1060":"F","1061":",","1062":"C","1063":"A","1064":"A","1065":"C","1066":";","1067":"I","1068":"A","1069":"C","1070":"D","1071":",","1072":"Y","1073":"A","1074":"A","1075":"Y","1076":",","1077":"G","1078":"A","1079":"A","1080":"G","1081":";","1082":"M","1083":"A","1084":"C","1085":"b","1086":",","1087":"K","1088":"A","1089":"A","1090":"K","1091":",","1092":"I","1093":"A","1094":"A","1095":"I","1096":",","1097":"K","1098":"A","1099":"A","1100":"K","1101":",","1102":"G","1103":"A","1104":"A","1105":"G","1106":",","1107":"C","1108":"A","1109":"A","1110":"C","1111":",","1112":"E","1113":"A","1114":"A","1115":"E","1116":",","1117":"K","1118":"A","1119":"A","1120":"K","1121":",","1122":"G","1123":"A","1124":"A","1125":"G","1126":",","1127":"I","1128":"A","1129":"A","1130":"I","1131":",","1132":"C","1133":"A","1134":"A","1135":"C","1136":",","1137":"U","1138":"A","1139":"A","1140":"U","1141":",","1142":"C","1143":"A","1144":"A","1145":"C","1146":",","1147":"M","1148":"A","1149":"A","1150":"M","1151":",","1152":"E","1153":"A","1154":"A","1155":"E","1156":",","1157":"K","1158":"A","1159":"A","1160":"K","1161":",","1162":"E","1163":"A","1164":"A","1165":"E","1166":",","1167":"E","1168":"A","1169":"A","1170":"E","1171":";","1172":"Q","1173":"A","1174":"C","1175":"3","1176":"D","1177":",","1178":"O","1179":"A","1180":"A","1181":"O","1182":",","1183":"C","1184":"A","1185":"A","1186":"C","1187":",","1188":"G","1189":"A","1190":"A","1191":"G","1192":",","1193":"C","1194":"A","1195":"A","1196":"C","1197":",","1198":"K","1199":"A","1200":"A","1201":"K","1202":",","1203":"E","1204":"A","1205":"A","1206":"E","1207":",","1208":"I","1209":"A","1210":"A","1211":"I","1212":",","1213":"C","1214":"A","1215":"A","1216":"C","1217":",","1218":"U","1219":"A","1220":"A","1221":"U","1222":",","1223":"C","1224":"A","1225":"A","1226":"C","1227":",","1228":"K","1229":"A","1230":"A","1231":"K","1232":",","1233":"C","1234":"A","1235":"A","1236":"C","1237":",","1238":"C","1239":"A","1240":"A","1241":"C","1242":";","1243":"Q","1244":"A","1245":"C","1246":"1","1247":"C","1248":",","1249":"U","1250":"A","1251":"A","1252":"U","1253":",","1254":"C","1255":"A","1256":"A","1257":"C","1258":",","1259":"M","1260":"A","1261":"A","1262":"M","1263":";","1264":"U","1265":"A","1266":"C","1267":"f","1268":",","1269":"I","1270":"A","1271":"A","1272":"I","1273":",","1274":"C","1275":"A","1276":"A","1277":"C","1278":",","1279":"S","1280":"A","1281":"A","1282":"S","1283":",","1284":"G","1285":"A","1286":"A","1287":"G","1288":",","1289":"I","1290":"A","1291":"A","1292":"I","1293":",","1294":"C","1295":"A","1296":"A","1297":"C","1298":",","1299":"U","1300":"A","1301":"A","1302":"U","1303":",","1304":"C","1305":"A","1306":"A","1307":"C","1308":",","1309":"K","1310":"A","1311":"A","1312":"K","1313":",","1314":"C","1315":"A","1316":"A","1317":"C","1318":";","1319":"Q","1320":"A","1321":"C","1322":"z","1323":"C","1324":",","1325":"C","1326":"A","1327":"A","1328":"C","1329":",","1330":"E","1331":"A","1332":"A","1333":"E","1334":",","1335":"I","1336":"A","1337":"A","1338":"I","1339":",","1340":"C","1341":"A","1342":"A","1343":"C","1344":";","1345":"M","1346":"A","1347":"C","1348":"V","1349":";","1350":"I","1351":"A","1352":"C","1353":"F","1354":",","1355":"C","1356":"A","1357":"A","1358":"C","1359":";","1360":"I","1361":"A","1362":"C","1363":"D","1364":",","1365":"Y","1366":"A","1367":"A","1368":"Y","1369":",","1370":"G","1371":"A","1372":"A","1373":"G","1374":";","1375":"M","1376":"A","1377":"C","1378":"b","1379":",","1380":"K","1381":"A","1382":"A","1383":"K","1384":",","1385":"I","1386":"A","1387":"A","1388":"I","1389":",","1390":"K","1391":"A","1392":"A","1393":"K","1394":",","1395":"G","1396":"A","1397":"A","1398":"G","1399":",","1400":"C","1401":"A","1402":"A","1403":"C","1404":",","1405":"E","1406":"A","1407":"A","1408":"E","1409":",","1410":"K","1411":"A","1412":"A","1413":"K","1414":",","1415":"G","1416":"A","1417":"A","1418":"G","1419":",","1420":"I","1421":"A","1422":"A","1423":"I","1424":",","1425":"C","1426":"A","1427":"A","1428":"C","1429":",","1430":"U","1431":"A","1432":"A","1433":"U","1434":",","1435":"C","1436":"A","1437":"A","1438":"C","1439":",","1440":"M","1441":"A","1442":"A","1443":"M","1444":",","1445":"E","1446":"A","1447":"A","1448":"E","1449":",","1450":"K","1451":"A","1452":"A","1453":"K","1454":",","1455":"E","1456":"A","1457":"A","1458":"E","1459":",","1460":"E","1461":"A","1462":"A","1463":"E","1464":";","1465":"Q","1466":"A","1467":"C","1468":"3","1469":"D","1470":",","1471":"O","1472":"A","1473":"A","1474":"O","1475":",","1476":"C","1477":"A","1478":"A","1479":"C","1480":",","1481":"G","1482":"A","1483":"A","1484":"G","1485":",","1486":"C","1487":"A","1488":"A","1489":"C","1490":",","1491":"K","1492":"A","1493":"A","1494":"K","1495":",","1496":"E","1497":"A","1498":"A","1499":"E","1500":",","1501":"I","1502":"A","1503":"A","1504":"I","1505":",","1506":"C","1507":"A","1508":"A","1509":"C","1510":",","1511":"U","1512":"A","1513":"A","1514":"U","1515":",","1516":"C","1517":"A","1518":"A","1519":"C","1520":",","1521":"K","1522":"A","1523":"A","1524":"K","1525":",","1526":"C","1527":"A","1528":"A","1529":"C","1530":",","1531":"C","1532":"A","1533":"A","1534":"C","1535":";","1536":"Q","1537":"A","1538":"C","1539":"1","1540":"C","1541":",","1542":"U","1543":"A","1544":"A","1545":"U","1546":",","1547":"C","1548":"A","1549":"A","1550":"C","1551":",","1552":"M","1553":"A","1554":"A","1555":"M","1556":";","1557":"U","1558":"A","1559":"C","1560":"f","1561":",","1562":"I","1563":"A","1564":"A","1565":"I","1566":",","1567":"C","1568":"A","1569":"A","1570":"C","1571":",","1572":"S","1573":"A","1574":"A","1575":"S","1576":",","1577":"G","1578":"A","1579":"A","1580":"G","1581":",","1582":"I","1583":"A","1584":"A","1585":"I","1586":",","1587":"C","1588":"A","1589":"A","1590":"C","1591":",","1592":"U","1593":"A","1594":"A","1595":"U","1596":",","1597":"C","1598":"A","1599":"A","1600":"C","1601":",","1602":"K","1603":"A","1604":"A","1605":"K","1606":",","1607":"C","1608":"A","1609":"A","1610":"C","1611":";","1612":"Q","1613":"A","1614":"C","1615":"z","1616":"C","1617":",","1618":"C","1619":"A","1620":"A","1621":"C","1622":",","1623":"E","1624":"A","1625":"A","1626":"E","1627":",","1628":"I","1629":"A","1630":"A","1631":"I","1632":",","1633":"C","1634":"A","1635":"A","1636":"C","1637":";","1638":"M","1639":"A","1640":"C","1641":"V","1642":";","1643":"I","1644":"A","1645":"C","1646":"F","1647":",","1648":"C","1649":"A","1650":"A","1651":"C","1652":";","1653":"I","1654":"A","1655":"C","1656":"D","1657":",","1658":"Y","1659":"A","1660":"A","1661":"Y","1662":",","1663":"G","1664":"A","1665":"A","1666":"G","1667":";","1668":"M","1669":"A","1670":"C","1671":"b","1672":",","1673":"K","1674":"A","1675":"A","1676":"K","1677":",","1678":"I","1679":"A","1680":"A","1681":"I","1682":",","1683":"K","1684":"A","1685":"A","1686":"K","1687":",","1688":"G","1689":"A","1690":"A","1691":"G","1692":",","1693":"C","1694":"A","1695":"A","1696":"C","1697":",","1698":"E","1699":"A","1700":"A","1701":"E","1702":",","1703":"K","1704":"A","1705":"A","1706":"K","1707":",","1708":"G","1709":"A","1710":"A","1711":"G","1712":",","1713":"I","1714":"A","1715":"A","1716":"I","1717":",","1718":"C","1719":"A","1720":"A","1721":"C","1722":",","1723":"U","1724":"A","1725":"A","1726":"U","1727":",","1728":"C","1729":"A","1730":"A","1731":"C","1732":",","1733":"M","1734":"A","1735":"A","1736":"M","1737":",","1738":"E","1739":"A","1740":"A","1741":"E","1742":",","1743":"K","1744":"A","1745":"A","1746":"K","1747":",","1748":"E","1749":"A","1750":"A","1751":"E","1752":",","1753":"E","1754":"A","1755":"A","1756":"E","1757":";","1758":"Q","1759":"A","1760":"C","1761":"3","1762":"D","1763":",","1764":"O","1765":"A","1766":"A","1767":"O","1768":",","1769":"C","1770":"A","1771":"A","1772":"C","1773":",","1774":"G","1775":"A","1776":"A","1777":"G","1778":",","1779":"C","1780":"A","1781":"A","1782":"C","1783":",","1784":"K","1785":"A","1786":"A","1787":"K","1788":",","1789":"E","1790":"A","1791":"A","1792":"E","1793":",","1794":"I","1795":"A","1796":"A","1797":"I","1798":",","1799":"C","1800":"A","1801":"A","1802":"C","1803":",","1804":"U","1805":"A","1806":"A","1807":"U","1808":",","1809":"C","1810":"A","1811":"A","1812":"C","1813":",","1814":"K","1815":"A","1816":"A","1817":"K","1818":",","1819":"C","1820":"A","1821":"A","1822":"C","1823":",","1824":"C","1825":"A","1826":"A","1827":"C","1828":";","1829":"Q","1830":"A","1831":"C","1832":"1","1833":"C","1834":",","1835":"U","1836":"A","1837":"A","1838":"U","1839":",","1840":"C","1841":"A","1842":"A","1843":"C","1844":",","1845":"M","1846":"A","1847":"A","1848":"M","1849":";","1850":"U","1851":"A","1852":"C","1853":"f","1854":",","1855":"I","1856":"A","1857":"A","1858":"I","1859":",","1860":"C","1861":"A","1862":"A","1863":"C","1864":",","1865":"S","1866":"A","1867":"A","1868":"S","1869":",","1870":"G","1871":"A","1872":"A","1873":"G","1874":",","1875":"I","1876":"A","1877":"A","1878":"I","1879":",","1880":"C","1881":"A","1882":"A","1883":"C","1884":",","1885":"U","1886":"A","1887":"A","1888":"U","1889":",","1890":"C","1891":"A","1892":"A","1893":"C","1894":",","1895":"K","1896":"A","1897":"A","1898":"K","1899":",","1900":"C","1901":"A","1902":"A","1903":"C","1904":";","1905":"Q","1906":"A","1907":"C","1908":"z","1909":"C","1910":",","1911":"C","1912":"A","1913":"A","1914":"C","1915":",","1916":"E","1917":"A","1918":"A","1919":"E","1920":",","1921":"I","1922":"A","1923":"A","1924":"I","1925":",","1926":"C","1927":"A","1928":"A","1929":"C","1930":";","1931":"M","1932":"A","1933":"C","1934":"V","1935":";","1936":"M","1937":"A","1938":"C","1939":"A","1940":",","1941":"I","1942":"A","1943":"A","1944":"I","1945":",","1946":"C","1947":"A","1948":"A","1949":"C","1950":",","1951":"G","1952":"A","1953":"A","1954":"G","1955":",","1956":"C","1957":"A","1958":"A","1959":"C","1960":";","1961":"M","1962":"A","1963":"C","1964":"T","1965":",","1966":"I","1967":"A","1968":"A","1969":"I","1970":",","1971":"C","1972":"A","1973":"A","1974":"C","1975":",","1976":"G","1977":"A","1978":"A","1979":"G","1980":",","1981":"C","1982":"A","1983":"A","1984":"C","1985":";","1986":"M","1987":"A","1988":"C","1989":"T","1990":",","1991":"I","1992":"A","1993":"A","1994":"I","1995":",","1996":"C","1997":"A","1998":"A","1999":"C","2000":",","2001":"G","2002":"A","2003":"A","2004":"G","2005":",","2006":"C","2007":"A","2008":"A","2009":"C","2010":";","2011":"M","2012":"A","2013":"C","2014":"T","2015":",","2016":"I","2017":"A","2018":"A","2019":"I","2020":",","2021":"C","2022":"A","2023":"A","2024":"C","2025":",","2026":"K","2027":"A","2028":"A","2029":"K","2030":",","2031":"C","2032":"A","2033":"A","2034":"C","2035":",","2036":"E","2037":"A","2038":"A","2039":"E","2040":";","2041":"Q","2042":"A","2043":"C","2044":"X","2045":",","2046":"I","2047":"A","2048":"A","2049":"I","2050":",","2051":"C","2052":"A","2053":"A","2054":"C","2055":",","2056":"Y","2057":"A","2058":"A","2059":"Y","2060":",","2061":"C","2062":"A","2063":"A","2064":"C","2065":",","2066":"C","2067":"A","2068":"A","2069":"C","2070":";","2071":"M","2072":"A","2073":"C","2074":"r","2075":"B","2076":",","2077":"C","2078":"A","2079":"A","2080":"C","2081":",","2082":"M","2083":"A","2084":"A","2085":"M","2086":",","2087":"I","2088":"A","2089":"A","2090":"I","2091":",","2092":"C","2093":"A","2094":"A","2095":"C","2096":",","2097":"K","2098":"A","2099":"A","2100":"K","2101":",","2102":"C","2103":"A","2104":"A","2105":"C","2106":",","2107":"E","2108":"A","2109":"A","2110":"E","2111":";","2112":"Q","2113":"A","2114":"C","2115":"l","2116":"B","2117":",","2118":"I","2119":"A","2120":"A","2121":"I","2122":",","2123":"C","2124":"A","2125":"A","2126":"C","2127":",","2128":"Y","2129":"A","2130":"A","2131":"Y","2132":",","2133":"C","2134":"A","2135":"A","2136":"C","2137":",","2138":"C","2139":"A","2140":"A","2141":"C","2142":";","2143":"M","2144":"A","2145":"C","2146":"r","2147":"B","2148":";","2149":"I","2150":"A","2151":"C","2152":"F","2153":";","2154":"E","2155":"A","2156":"C","2157":"F","2158":";","2159":"A","2160":"A","2161":"C","2162":"F","2163":",","2164":"C","2165":"A","2166":"A","2167":"C","2168":"\"","2169":",","2170":"\"","2171":"f","2172":"i","2173":"l","2174":"e","2175":"\"","2176":":","2177":"\"","2178":"D","2179":":","2180":"\\","2181":"\\","2182":"s","2183":"o","2184":"n","2185":"o","2186":"r","2187":"\\","2188":"\\","2189":"s","2190":"o","2191":"n","2192":"a","2193":"r","2194":"-","2195":"s","2196":"c","2197":"a","2198":"n","2199":"n","2200":"e","2201":"r","2202":"-","2203":"7","2204":".","2205":"2","2206":".","2207":"0","2208":".","2209":"5","2210":"0","2211":"7","2212":"9","2213":"-","2214":"w","2215":"i","2216":"n","2217":"d","2218":"o","2219":"w","2220":"s","2221":"-","2222":"x","2223":"6","2224":"4","2225":"\\","2226":"\\","2227":"c","2228":"o","2229":"n","2230":"f","2231":"\\","2232":"\\","2233":"v","2234":"u","2235":"e","2236":"1","2237":"\\","2238":"\\","2239":"m","2240":"y","2241":"-","2242":"v","2243":"u","2244":"e","2245":"-","2246":"p","2247":"r","2248":"o","2249":"j","2250":"e","2251":"c","2252":"t","2253":"\\","2254":"\\","2255":"s","2256":"r","2257":"c","2258":"\\","2259":"\\","2260":"c","2261":"o","2262":"m","2263":"p","2264":"o","2265":"n","2266":"e","2267":"n","2268":"t","2269":"s","2270":"\\","2271":"\\","2272":"A","2273":"b","2274":"o","2275":"u","2276":"t","2277":".","2278":"v","2279":"u","2280":"e","2281":"\"","2282":",","2283":"\"","2284":"s","2285":"o","2286":"u","2287":"r","2288":"c","2289":"e","2290":"s","2291":"C","2292":"o","2293":"n","2294":"t","2295":"e","2296":"n","2297":"t","2298":"\"","2299":":","2300":"[","2301":"\"","2302":"<","2303":"t","2304":"e","2305":"m","2306":"p","2307":"l","2308":"a","2309":"t","2310":"e","2311":">","2312":"\\","2313":"r","2314":"\\","2315":"n","2316":" ","2317":" ","2318":"<","2319":"d","2320":"i","2321":"v","2322":">","2323":"\\","2324":"r","2325":"\\","2326":"n","2327":" ","2328":" ","2329":" ","2330":" ","2331":"<","2332":"h","2333":"1","2334":">","2335":"关","2336":"于","2337":"页","2338":"面","2339":"<","2340":"/","2341":"h","2342":"1","2343":">","2344":"\\","2345":"r","2346":"\\","2347":"n","2348":" ","2349":" ","2350":" ","2351":" ","2352":"<","2353":"!","2354":"-","2355":"-","2356":" ","2357":"<","2358":"r","2359":"o","2360":"u","2361":"t","2362":"e","2363":"r","2364":"-","2365":"l","2366":"i","2367":"n","2368":"k","2369":" ","2370":"t","2371":"o","2372":"=","2373":"\\","2374":"\"","2375":"/","2376":"\\","2377":"\"","2378":">","2379":"回","2380":"首","2381":"页","2382":"<","2383":"/","2384":"r","2385":"o","2386":"u","2387":"t","2388":"e","2389":"r","2390":"-","2391":"l","2392":"i","2393":"n","2394":"k","2395":">","2396":" ","2397":"-","2398":"-","2399":">","2400":"\\","2401":"r","2402":"\\","2403":"n","2404":" ","2405":" ","2406":" ","2407":" ","2408":"<","2409":"b","2410":"u","2411":"t","2412":"t","2413":"o","2414":"n","2415":" ","2416":"@","2417":"c","2418":"l","2419":"i","2420":"c","2421":"k","2422":"=","2423":"\\","2424":"\"","2425":"g","2426":"o","2427":"T","2428":"o","2429":"H","2430":"o","2431":"m","2432":"e","2433":"\\","2434":"\"","2435":">","2436":"回","2437":"首","2438":"页","2439":" ","2440":"(","2441":"编","2442":"程","2443":"式","2444":")","2445":"<","2446":"/","2447":"b","2448":"u","2449":"t","2450":"t","2451":"o","2452":"n","2453":">","2454":"\\","2455":"r","2456":"\\","2457":"n","2458":" ","2459":" ","2460":" ","2461":" ","2462":"<","2463":"d","2464":"i","2465":"v","2466":" ","2467":"c","2468":"l","2469":"a","2470":"s","2471":"s","2472":"=","2473":"\\","2474":"\"","2475":"p","2476":"l","2477":"u","2478":"s","2479":"-","2480":"t","2481":"e","2482":"s","2483":"t","2484":"\\","2485":"\"","2486":">","2487":"\\","2488":"r","2489":"\\","2490":"n","2491":" ","2492":" ","2493":" ","2494":" ","2495":" ","2496":" ","2497":"<","2498":"i","2499":"n","2500":"p","2501":"u","2502":"t","2503":" ","2504":"t","2505":"y","2506":"p","2507":"e","2508":"=","2509":"\\","2510":"\"","2511":"n","2512":"u","2513":"m","2514":"b","2515":"e","2516":"r","2517":"\\","2518":"\"","2519":" ","2520":"v","2521":"-","2522":"m","2523":"o","2524":"d","2525":"e","2526":"l","2527":"=","2528":"\\","2529":"\"","2530":"f","2531":"i","2532":"r","2533":"s","2534":"t","2535":"I","2536":"n","2537":"p","2538":"u","2539":"t","2540":"V","2541":"a","2542":"l","2543":"u","2544":"e","2545":"\\","2546":"\"","2547":" ","2548":"c","2549":"l","2550":"a","2551":"s","2552":"s","2553":"=","2554":"\\","2555":"\"","2556":"f","2557":"i","2558":"r","2559":"s","2560":"t","2561":"-","2562":"i","2563":"n","2564":"p","2565":"u","2566":"t","2567":"\\","2568":"\"","2569":" ","2570":"/","2571":">","2572":"\\","2573":"r","2574":"\\","2575":"n","2576":" ","2577":" ","2578":" ","2579":" ","2580":" ","2581":" ","2582":"<","2583":"i","2584":"n","2585":"p","2586":"u","2587":"t","2588":" ","2589":"t","2590":"y","2591":"p","2592":"e","2593":"=","2594":"\\","2595":"\"","2596":"n","2597":"u","2598":"m","2599":"b","2600":"e","2601":"r","2602":"\\","2603":"\"","2604":" ","2605":"v","2606":"-","2607":"m","2608":"o","2609":"d","2610":"e","2611":"l","2612":"=","2613":"\\","2614":"\"","2615":"s","2616":"e","2617":"c","2618":"o","2619":"n","2620":"d","2621":"I","2622":"n","2623":"p","2624":"u","2625":"t","2626":"V","2627":"a","2628":"l","2629":"u","2630":"e","2631":"\\","2632":"\"","2633":" ","2634":"c","2635":"l","2636":"a","2637":"s","2638":"s","2639":"=","2640":"\\","2641":"\"","2642":"s","2643":"e","2644":"c","2645":"o","2646":"n","2647":"d","2648":"-","2649":"i","2650":"n","2651":"p","2652":"u","2653":"t","2654":"\\","2655":"\"","2656":" ","2657":"/","2658":">","2659":"\\","2660":"r","2661":"\\","2662":"n","2663":" ","2664":" ","2665":" ","2666":" ","2667":" ","2668":" ","2669":"<","2670":"d","2671":"i","2672":"v","2673":" ","2674":"@","2675":"c","2676":"l","2677":"i","2678":"c","2679":"k","2680":"=","2681":"\\","2682":"\"","2683":"p","2684":"l","2685":"u","2686":"s","2687":"F","2688":"u","2689":"n","2690":"c","2691":"t","2692":"i","2693":"o","2694":"n","2695":"\\","2696":"\"","2697":" ","2698":"c","2699":"l","2700":"a","2701":"s","2702":"s","2703":"=","2704":"\\","2705":"\"","2706":"e","2707":"q","2708":"u","2709":"a","2710":"l","2711":"\\","2712":"\"","2713":">","2714":"=","2715":"<","2716":"/","2717":"d","2718":"i","2719":"v","2720":">","2721":"\\","2722":"r","2723":"\\","2724":"n","2725":" ","2726":" ","2727":" ","2728":" ","2729":" ","2730":" ","2731":"<","2732":"i","2733":"n","2734":"p","2735":"u","2736":"t","2737":" ","2738":"t","2739":"y","2740":"p","2741":"e","2742":"=","2743":"\\","2744":"\"","2745":"n","2746":"u","2747":"m","2748":"b","2749":"e","2750":"r","2751":"\\","2752":"\"","2753":" ","2754":"v","2755":"-","2756":"m","2757":"o","2758":"d","2759":"e","2760":"l","2761":"=","2762":"\\","2763":"\"","2764":"p","2765":"l","2766":"u","2767":"s","2768":"t","2769":"V","2770":"a","2771":"l","2772":"u","2773":"e","2774":"\\","2775":"\"","2776":" ","2777":"c","2778":"l","2779":"a","2780":"s","2781":"s","2782":"=","2783":"\\","2784":"\"","2785":"s","2786":"e","2787":"c","2788":"o","2789":"n","2790":"d","2791":"-","2792":"i","2793":"n","2794":"p","2795":"u","2796":"t","2797":"\\","2798":"\"","2799":" ","2800":"d","2801":"i","2802":"s","2803":"a","2804":"b","2805":"l","2806":"e","2807":"d","2808":" ","2809":"/","2810":">","2811":"\\","2812":"r","2813":"\\","2814":"n","2815":" ","2816":" ","2817":" ","2818":" ","2819":"<","2820":"/","2821":"d","2822":"i","2823":"v","2824":">","2825":"\\","2826":"r","2827":"\\","2828":"n","2829":" ","2830":" ","2831":" ","2832":" ","2833":"<","2834":"b","2835":"u","2836":"t","2837":"t","2838":"o","2839":"n","2840":" ","2841":"s","2842":"t","2843":"y","2844":"l","2845":"e","2846":"=","2847":"\\","2848":"\"","2849":"m","2850":"a","2851":"r","2852":"g","2853":"i","2854":"n","2855":"-","2856":"t","2857":"o","2858":"p","2859":":","2860":" ","2861":"2","2862":"0","2863":"p","2864":"x","2865":"\\","2866":"\"","2867":" ","2868":"@","2869":"c","2870":"l","2871":"i","2872":"c","2873":"k","2874":"=","2875":"\\","2876":"\"","2877":"p","2878":"r","2879":"i","2880":"n","2881":"t","2882":"F","2883":"r","2884":"u","2885":"i","2886":"t","2887":"s","2888":"\\","2889":"\"","2890":">","2891":"打","2892":"印","2893":"水","2894":"果","2895":"<","2896":"/","2897":"b","2898":"u","2899":"t","2900":"t","2901":"o","2902":"n","2903":">","2904":"\\","2905":"r","2906":"\\","2907":"n","2908":" ","2909":" ","2910":" ","2911":" ","2912":"<","2913":"d","2914":"i","2915":"v","2916":">","2917":"{","2918":"{","2919":" ","2920":"s","2921":"h","2922":"o","2923":"w","2924":"F","2925":"r","2926":"u","2927":"i","2928":"t","2929":" ","2930":"}","2931":"}","2932":"<","2933":"/","2934":"d","2935":"i","2936":"v","2937":">","2938":"\\","2939":"r","2940":"\\","2941":"n","2942":" ","2943":" ","2944":" ","2945":" ","2946":"<","2947":"d","2948":"i","2949":"v","2950":" ","2951":"c","2952":"l","2953":"a","2954":"s","2955":"s","2956":"=","2957":"\\","2958":"\"","2959":"c","2960":"s","2961":"s","2962":"-","2963":"s","2964":"c","2965":"a","2966":"n","2967":"\\","2968":"\"","2969":">","2970":"c","2971":"s","2972":"s","2973":"扫","2974":"描","2975":"<","2976":"/","2977":"d","2978":"i","2979":"v","2980":">","2981":"\\","2982":"r","2983":"\\","2984":"n","2985":" ","2986":" ","2987":"<","2988":"/","2989":"d","2990":"i","2991":"v","2992":">","2993":"\\","2994":"r","2995":"\\","2996":"n","2997":"<","2998":"/","2999":"t","3000":"e","3001":"m","3002":"p","3003":"l","3004":"a","3005":"t","3006":"e","3007":">","3008":"\\","3009":"r","3010":"\\","3011":"n","3012":"\\","3013":"r","3014":"\\","3015":"n","3016":"<","3017":"s","3018":"c","3019":"r","3020":"i","3021":"p","3022":"t","3023":">","3024":"\\","3025":"r","3026":"\\","3027":"n","3028":"e","3029":"x","3030":"p","3031":"o","3032":"r","3033":"t","3034":" ","3035":"d","3036":"e","3037":"f","3038":"a","3039":"u","3040":"l","3041":"t","3042":" ","3043":"{","3044":"\\","3045":"r","3046":"\\","3047":"n","3048":" ","3049":" ","3050":"n","3051":"a","3052":"m","3053":"e","3054":":","3055":" ","3056":"\\","3057":"\"","3058":"A","3059":"b","3060":"o","3061":"u","3062":"t","3063":"-","3064":"n","3065":"a","3066":"m","3067":"e","3068":"\\","3069":"\"","3070":",","3071":"\\","3072":"r","3073":"\\","3074":"n","3075":" ","3076":" ","3077":"d","3078":"a","3079":"t","3080":"a","3081":":","3082":" ","3083":"f","3084":"u","3085":"n","3086":"c","3087":"t","3088":"i","3089":"o","3090":"n","3091":" ","3092":"(","3093":")","3094":" ","3095":"{","3096":"\\","3097":"r","3098":"\\","3099":"n","3100":" ","3101":" ","3102":" ","3103":" ","3104":"r","3105":"e","3106":"t","3107":"u","3108":"r","3109":"n","3110":" ","3111":"{","3112":"\\","3113":"r","3114":"\\","3115":"n","3116":" ","3117":" ","3118":" ","3119":" ","3120":" ","3121":" ","3122":"f","3123":"i","3124":"r","3125":"s","3126":"t","3127":"I","3128":"n","3129":"p","3130":"u","3131":"t","3132":"V","3133":"a","3134":"l","3135":"u","3136":"e","3137":":","3138":" ","3139":"\\","3140":"\"","3141":"\\","3142":"\"","3143":",","3144":"\\","3145":"r","3146":"\\","3147":"n","3148":" ","3149":" ","3150":" ","3151":" ","3152":" ","3153":" ","3154":"s","3155":"e","3156":"c","3157":"o","3158":"n","3159":"d","3160":"I","3161":"n","3162":"p","3163":"u","3164":"t","3165":"V","3166":"a","3167":"l","3168":"u","3169":"e","3170":":","3171":" ","3172":"\\","3173":"\"","3174":"\\","3175":"\"","3176":",","3177":"\\","3178":"r","3179":"\\","3180":"n","3181":" ","3182":" ","3183":" ","3184":" ","3185":" ","3186":" ","3187":"p","3188":"l","3189":"u","3190":"s","3191":"t","3192":"V","3193":"a","3194":"l","3195":"u","3196":"e","3197":":","3198":" ","3199":"\\","3200":"\"","3201":"\\","3202":"\"","3203":",","3204":"\\","3205":"r","3206":"\\","3207":"n","3208":" ","3209":" ","3210":" ","3211":" ","3212":" ","3213":" ","3214":"p","3215":"r","3216":"i","3217":"n","3218":"t","3219":"A","3220":"r","3221":"r","3222":"a","3223":"y","3224":":","3225":" ","3226":"[","3227":"\\","3228":"\"","3229":"b","3230":"a","3231":"n","3232":"a","3233":"n","3234":"a","3235":"\\","3236":"\"","3237":",","3238":" ","3239":"\\","3240":"\"","3241":"a","3242":"p","3243":"p","3244":"l","3245":"e","3246":"\\","3247":"\"","3248":",","3249":" ","3250":"\\","3251":"\"","3252":"p","3253":"e","3254":"a","3255":"r","3256":"\\","3257":"\"","3258":",","3259":" ","3260":"\\","3261":"\"","3262":"w","3263":"a","3264":"t","3265":"e","3266":"r","3267":"m","3268":"e","3269":"l","3270":"o","3271":"n","3272":"\\","3273":"\"","3274":"]","3275":",","3276":"\\","3277":"r","3278":"\\","3279":"n","3280":" ","3281":" ","3282":" ","3283":" ","3284":" ","3285":" ","3286":"s","3287":"h","3288":"o","3289":"w","3290":"F","3291":"r","3292":"u","3293":"i","3294":"t","3295":":","3296":" ","3297":"\\","3298":"\"","3299":"\\","3300":"\"","3301":",","3302":"\\","3303":"r","3304":"\\","3305":"n","3306":" ","3307":" ","3308":" ","3309":" ","3310":"}","3311":"\\","3312":"r","3313":"\\","3314":"n","3315":" ","3316":" ","3317":"}","3318":",","3319":"\\","3320":"r","3321":"\\","3322":"n","3323":" ","3324":" ","3325":"m","3326":"e","3327":"t","3328":"h","3329":"o","3330":"d","3331":"s","3332":":","3333":" ","3334":"{","3335":"\\","3336":"r","3337":"\\","3338":"n","3339":" ","3340":" ","3341":" ","3342":" ","3343":"g","3344":"o","3345":"T","3346":"o","3347":"H","3348":"o","3349":"m","3350":"e","3351":"(","3352":")","3353":" ","3354":"{","3355":"\\","3356":"r","3357":"\\","3358":"n","3359":" ","3360":" ","3361":" ","3362":" ","3363":" ","3364":" ","3365":"l","3366":"e","3367":"t","3368":" ","3369":"a","3370":" ","3371":"=","3372":" ","3373":"4","3374":"\\","3375":"r","3376":"\\","3377":"n","3378":" ","3379":" ","3380":" ","3381":" ","3382":" ","3383":" ","3384":"c","3385":"o","3386":"n","3387":"s","3388":"o","3389":"l","3390":"e","3391":".","3392":"l","3393":"o","3394":"g","3395":"(","3396":"\\","3397":"\"","3398":"页","3399":"面","3400":"跳","3401":"转","3402":"A","3403":"b","3404":"o","3405":"u","3406":"t","3407":"\\","3408":"\"","3409":",","3410":" ","3411":"a","3412":")","3413":"\\","3414":"r","3415":"\\","3416":"n","3417":" ","3418":" ","3419":" ","3420":" ","3421":" ","3422":" ","3423":"t","3424":"h","3425":"i","3426":"s","3427":".","3428":"$","3429":"r","3430":"o","3431":"u","3432":"t","3433":"e","3434":"r","3435":".","3436":"p","3437":"u","3438":"s","3439":"h","3440":"(","3441":"{","3442":" ","3443":"n","3444":"a","3445":"m","3446":"e","3447":":","3448":" ","3449":"\\","3450":"\"","3451":"H","3452":"o","3453":"m","3454":"e","3455":"\\","3456":"\"","3457":" ","3458":"}","3459":")","3460":"\\","3461":"r","3462":"\\","3463":"n","3464":" ","3465":" ","3466":" ","3467":" ","3468":"}","3469":",","3470":"\\","3471":"r","3472":"\\","3473":"n","3474":" ","3475":" ","3476":" ","3477":" ","3478":"/","3479":"/","3480":" ","3481":"加","3482":"法","3483":"函","3484":"数","3485":"\\","3486":"r","3487":"\\","3488":"n","3489":" ","3490":" ","3491":" ","3492":" ","3493":"p","3494":"l","3495":"u","3496":"s","3497":"F","3498":"u","3499":"n","3500":"c","3501":"t","3502":"i","3503":"o","3504":"n","3505":"(","3506":")","3507":" ","3508":"{","3509":"\\","3510":"r","3511":"\\","3512":"n","3513":" ","3514":" ","3515":" ","3516":" ","3517":" ","3518":" ","3519":"t","3520":"h","3521":"i","3522":"s","3523":".","3524":"$","3525":"n","3526":"e","3527":"x","3528":"t","3529":"T","3530":"i","3531":"c","3532":"k","3533":"(","3534":"(","3535":")","3536":" ","3537":"=","3538":">","3539":" ","3540":"{","3541":"\\","3542":"r","3543":"\\","3544":"n","3545":" ","3546":" ","3547":" ","3548":" ","3549":" ","3550":" ","3551":" ","3552":" ","3553":"c","3554":"o","3555":"n","3556":"s","3557":"o","3558":"l","3559":"e","3560":".","3561":"l","3562":"o","3563":"g","3564":"(","3565":"\\","3566":"\"","3567":"结","3568":"果","3569":"为","3570":"\\","3571":"\"","3572":",","3573":" ","3574":"t","3575":"h","3576":"i","3577":"s","3578":".","3579":"f","3580":"i","3581":"r","3582":"s","3583":"t","3584":"I","3585":"n","3586":"p","3587":"u","3588":"t","3589":"V","3590":"a","3591":"l","3592":"u","3593":"e","3594":",","3595":" ","3596":"t","3597":"h","3598":"i","3599":"s","3600":".","3601":"s","3602":"e","3603":"c","3604":"o","3605":"n","3606":"d","3607":"I","3608":"n","3609":"p","3610":"u","3611":"t","3612":"V","3613":"a","3614":"l","3615":"u","3616":"e","3617":")","3618":"\\","3619":"r","3620":"\\","3621":"n","3622":" ","3623":" ","3624":" ","3625":" ","3626":" ","3627":" ","3628":" ","3629":" ","3630":"t","3631":"h","3632":"i","3633":"s","3634":".","3635":"p","3636":"l","3637":"u","3638":"s","3639":"t","3640":"V","3641":"a","3642":"l","3643":"u","3644":"e","3645":" ","3646":"=","3647":" ","3648":"t","3649":"h","3650":"i","3651":"s","3652":".","3653":"f","3654":"i","3655":"r","3656":"s","3657":"t","3658":"I","3659":"n","3660":"p","3661":"u","3662":"t","3663":"V","3664":"a","3665":"l","3666":"u","3667":"e","3668":" ","3669":"+","3670":" ","3671":"t","3672":"h","3673":"i","3674":"s","3675":".","3676":"s","3677":"e","3678":"c","3679":"o","3680":"n","3681":"d","3682":"I","3683":"n","3684":"p","3685":"u","3686":"t","3687":"V","3688":"a","3689":"l","3690":"u","3691":"e","3692":"\\","3693":"r","3694":"\\","3695":"n","3696":" ","3697":" ","3698":" ","3699":" ","3700":" ","3701":" ","3702":"}","3703":")","3704":"\\","3705":"r","3706":"\\","3707":"n","3708":" ","3709":" ","3710":" ","3711":" ","3712":"}","3713":",","3714":"\\","3715":"r","3716":"\\","3717":"n","3718":" ","3719":" ","3720":" ","3721":" ","3722":"p","3723":"r","3724":"i","3725":"n","3726":"t","3727":"F","3728":"r","3729":"u","3730":"i","3731":"t","3732":"s","3733":"(","3734":")","3735":" ","3736":"{","3737":"\\","3738":"r","3739":"\\","3740":"n","3741":" ","3742":" ","3743":" ","3744":" ","3745":" ","3746":" ","3747":"f","3748":"o","3749":"r","3750":" ","3751":"(","3752":"l","3753":"e","3754":"t","3755":" ","3756":"i","3757":"n","3758":"d","3759":"e","3760":"x","3761":" ","3762":"=","3763":" ","3764":"0","3765":";","3766":" ","3767":"i","3768":"n","3769":"d","3770":"e","3771":"x","3772":" ","3773":"<","3774":" ","3775":"t","3776":"h","3777":"i","3778":"s","3779":".","3780":"p","3781":"r","3782":"i","3783":"n","3784":"t","3785":"A","3786":"r","3787":"r","3788":"a","3789":"y","3790":".","3791":"l","3792":"e","3793":"n","3794":"g","3795":"t","3796":"h","3797":";","3798":" ","3799":"i","3800":"n","3801":"d","3802":"e","3803":"x","3804":"+","3805":"+","3806":")","3807":" ","3808":"{","3809":"\\","3810":"r","3811":"\\","3812":"n","3813":" ","3814":" ","3815":" ","3816":" ","3817":" ","3818":" ","3819":" ","3820":" ","3821":"c","3822":"o","3823":"n","3824":"s","3825":"o","3826":"l","3827":"e","3828":".","3829":"l","3830":"o","3831":"g","3832":"(","3833":"\\","3834":"\"","3835":"水","3836":"果","3837":"为","3838":"\\","3839":"\"","3840":",","3841":" ","3842":"t","3843":"h","3844":"i","3845":"s","3846":".","3847":"p","3848":"r","3849":"i","3850":"n","3851":"t","3852":"A","3853":"r","3854":"r","3855":"a","3856":"y","3857":"[","3858":"i","3859":"n","3860":"d","3861":"e","3862":"x","3863":"]","3864":")","3865":"\\","3866":"r","3867":"\\","3868":"n","3869":" ","3870":" ","3871":" ","3872":" ","3873":" ","3874":" ","3875":" ","3876":" ","3877":"s","3878":"e","3879":"t","3880":"T","3881":"i","3882":"m","3883":"e","3884":"o","3885":"u","3886":"t","3887":"(","3888":"(","3889":")","3890":" ","3891":"=","3892":">","3893":" ","3894":"{","3895":"\\","3896":"r","3897":"\\","3898":"n","3899":" ","3900":" ","3901":" ","3902":" ","3903":" ","3904":" ","3905":" ","3906":" ","3907":" ","3908":" ","3909":"t","3910":"h","3911":"i","3912":"s","3913":".","3914":"s","3915":"h","3916":"o","3917":"w","3918":"F","3919":"r","3920":"u","3921":"i","3922":"t","3923":" ","3924":"=","3925":" ","3926":"t","3927":"h","3928":"i","3929":"s","3930":".","3931":"p","3932":"r","3933":"i","3934":"n","3935":"t","3936":"A","3937":"r","3938":"r","3939":"a","3940":"y","3941":"[","3942":"i","3943":"n","3944":"d","3945":"e","3946":"x","3947":"]","3948":"\\","3949":"r","3950":"\\","3951":"n","3952":" ","3953":" ","3954":" ","3955":" ","3956":" ","3957":" ","3958":" ","3959":" ","3960":"}","3961":",","3962":" ","3963":"2","3964":"0","3965":"0","3966":"0","3967":")","3968":"\\","3969":"r","3970":"\\","3971":"n","3972":" ","3973":" ","3974":" ","3975":" ","3976":" ","3977":" ","3978":"}","3979":"\\","3980":"r","3981":"\\","3982":"n","3983":" ","3984":" ","3985":" ","3986":" ","3987":"}","3988":",","3989":"\\","3990":"r","3991":"\\","3992":"n","3993":" ","3994":" ","3995":" ","3996":" ","3997":"p","3998":"r","3999":"i","4000":"n","4001":"t","4002":"F","4003":"r","4004":"u","4005":"i","4006":"t","4007":"s","4008":"1","4009":"(","4010":")","4011":" ","4012":"{","4013":"\\","4014":"r","4015":"\\","4016":"n","4017":" ","4018":" ","4019":" ","4020":" ","4021":" ","4022":" ","4023":"f","4024":"o","4025":"r","4026":" ","4027":"(","4028":"l","4029":"e","4030":"t","4031":" ","4032":"i","4033":"n","4034":"d","4035":"e","4036":"x","4037":" ","4038":"=","4039":" ","4040":"0","4041":";","4042":" ","4043":"i","4044":"n","4045":"d","4046":"e","4047":"x","4048":" ","4049":"<","4050":" ","4051":"t","4052":"h","4053":"i","4054":"s","4055":".","4056":"p","4057":"r","4058":"i","4059":"n","4060":"t","4061":"A","4062":"r","4063":"r","4064":"a","4065":"y","4066":".","4067":"l","4068":"e","4069":"n","4070":"g","4071":"t","4072":"h","4073":";","4074":" ","4075":"i","4076":"n","4077":"d","4078":"e","4079":"x","4080":"+","4081":"+","4082":")","4083":" ","4084":"{","4085":"\\","4086":"r","4087":"\\","4088":"n","4089":" ","4090":" ","4091":" ","4092":" ","4093":" ","4094":" ","4095":" ","4096":" ","4097":"c","4098":"o","4099":"n","4100":"s","4101":"o","4102":"l","4103":"e","4104":".","4105":"l","4106":"o","4107":"g","4108":"(","4109":"\\","4110":"\"","4111":"水","4112":"果","4113":"为","4114":"\\","4115":"\"","4116":",","4117":" ","4118":"t","4119":"h","4120":"i","4121":"s","4122":".","4123":"p","4124":"r","4125":"i","4126":"n","4127":"t","4128":"A","4129":"r","4130":"r","4131":"a","4132":"y","4133":"[","4134":"i","4135":"n","4136":"d","4137":"e","4138":"x","4139":"]","4140":")","4141":"\\","4142":"r","4143":"\\","4144":"n","4145":" ","4146":" ","4147":" ","4148":" ","4149":" ","4150":" ","4151":" ","4152":" ","4153":"s","4154":"e","4155":"t","4156":"T","4157":"i","4158":"m","4159":"e","4160":"o","4161":"u","4162":"t","4163":"(","4164":"(","4165":")","4166":" ","4167":"=","4168":">","4169":" ","4170":"{","4171":"\\","4172":"r","4173":"\\","4174":"n","4175":" ","4176":" ","4177":" ","4178":" ","4179":" ","4180":" ","4181":" ","4182":" ","4183":" ","4184":" ","4185":"t","4186":"h","4187":"i","4188":"s","4189":".","4190":"s","4191":"h","4192":"o","4193":"w","4194":"F","4195":"r","4196":"u","4197":"i","4198":"t","4199":" ","4200":"=","4201":" ","4202":"t","4203":"h","4204":"i","4205":"s","4206":".","4207":"p","4208":"r","4209":"i","4210":"n","4211":"t","4212":"A","4213":"r","4214":"r","4215":"a","4216":"y","4217":"[","4218":"i","4219":"n","4220":"d","4221":"e","4222":"x","4223":"]","4224":"\\","4225":"r","4226":"\\","4227":"n","4228":" ","4229":" ","4230":" ","4231":" ","4232":" ","4233":" ","4234":" ","4235":" ","4236":"}","4237":",","4238":" ","4239":"2","4240":"0","4241":"0","4242":"0","4243":")","4244":"\\","4245":"r","4246":"\\","4247":"n","4248":" ","4249":" ","4250":" ","4251":" ","4252":" ","4253":" ","4254":"}","4255":"\\","4256":"r","4257":"\\","4258":"n","4259":" ","4260":" ","4261":" ","4262":" ","4263":"}","4264":",","4265":"\\","4266":"r","4267":"\\","4268":"n","4269":" ","4270":" ","4271":" ","4272":" ","4273":"p","4274":"r","4275":"i","4276":"n","4277":"t","4278":"F","4279":"r","4280":"u","4281":"i","4282":"t","4283":"s","4284":"2","4285":"(","4286":")","4287":" ","4288":"{","4289":"\\","4290":"r","4291":"\\","4292":"n","4293":" ","4294":" ","4295":" ","4296":" ","4297":" ","4298":" ","4299":"f","4300":"o","4301":"r","4302":" ","4303":"(","4304":"l","4305":"e","4306":"t","4307":" ","4308":"i","4309":"n","4310":"d","4311":"e","4312":"x","4313":" ","4314":"=","4315":" ","4316":"0","4317":";","4318":" ","4319":"i","4320":"n","4321":"d","4322":"e","4323":"x","4324":" ","4325":"<","4326":" ","4327":"t","4328":"h","4329":"i","4330":"s","4331":".","4332":"p","4333":"r","4334":"i","4335":"n","4336":"t","4337":"A","4338":"r","4339":"r","4340":"a","4341":"y","4342":".","4343":"l","4344":"e","4345":"n","4346":"g","4347":"t","4348":"h","4349":";","4350":" ","4351":"i","4352":"n","4353":"d","4354":"e","4355":"x","4356":"+","4357":"+","4358":")","4359":" ","4360":"{","4361":"\\","4362":"r","4363":"\\","4364":"n","4365":" ","4366":" ","4367":" ","4368":" ","4369":" ","4370":" ","4371":" ","4372":" ","4373":"c","4374":"o","4375":"n","4376":"s","4377":"o","4378":"l","4379":"e","4380":".","4381":"l","4382":"o","4383":"g","4384":"(","4385":"\\","4386":"\"","4387":"水","4388":"果","4389":"为","4390":"\\","4391":"\"","4392":",","4393":" ","4394":"t","4395":"h","4396":"i","4397":"s","4398":".","4399":"p","4400":"r","4401":"i","4402":"n","4403":"t","4404":"A","4405":"r","4406":"r","4407":"a","4408":"y","4409":"[","4410":"i","4411":"n","4412":"d","4413":"e","4414":"x","4415":"]","4416":")","4417":"\\","4418":"r","4419":"\\","4420":"n","4421":" ","4422":" ","4423":" ","4424":" ","4425":" ","4426":" ","4427":" ","4428":" ","4429":"s","4430":"e","4431":"t","4432":"T","4433":"i","4434":"m","4435":"e","4436":"o","4437":"u","4438":"t","4439":"(","4440":"(","4441":")","4442":" ","4443":"=","4444":">","4445":" ","4446":"{","4447":"\\","4448":"r","4449":"\\","4450":"n","4451":" ","4452":" ","4453":" ","4454":" ","4455":" ","4456":" ","4457":" ","4458":" ","4459":" ","4460":" ","4461":"t","4462":"h","4463":"i","4464":"s","4465":".","4466":"s","4467":"h","4468":"o","4469":"w","4470":"F","4471":"r","4472":"u","4473":"i","4474":"t","4475":" ","4476":"=","4477":" ","4478":"t","4479":"h","4480":"i","4481":"s","4482":".","4483":"p","4484":"r","4485":"i","4486":"n","4487":"t","4488":"A","4489":"r","4490":"r","4491":"a","4492":"y","4493":"[","4494":"i","4495":"n","4496":"d","4497":"e","4498":"x","4499":"]","4500":"\\","4501":"r","4502":"\\","4503":"n","4504":" ","4505":" ","4506":" ","4507":" ","4508":" ","4509":" ","4510":" ","4511":" ","4512":"}","4513":",","4514":" ","4515":"2","4516":"0","4517":"0","4518":"0","4519":")","4520":"\\","4521":"r","4522":"\\","4523":"n","4524":" ","4525":" ","4526":" ","4527":" ","4528":" ","4529":" ","4530":"}","4531":"\\","4532":"r","4533":"\\","4534":"n","4535":" ","4536":" ","4537":" ","4538":" ","4539":"}","4540":",","4541":"\\","4542":"r","4543":"\\","4544":"n","4545":" ","4546":" ","4547":" ","4548":" ","4549":"p","4550":"r","4551":"i","4552":"n","4553":"t","4554":"F","4555":"r","4556":"u","4557":"i","4558":"t","4559":"s","4560":"3","4561":"(","4562":")","4563":" ","4564":"{","4565":"\\","4566":"r","4567":"\\","4568":"n","4569":" ","4570":" ","4571":" ","4572":" ","4573":" ","4574":" ","4575":"f","4576":"o","4577":"r","4578":" ","4579":"(","4580":"l","4581":"e","4582":"t","4583":" ","4584":"i","4585":"n","4586":"d","4587":"e","4588":"x","4589":" ","4590":"=","4591":" ","4592":"0","4593":";","4594":" ","4595":"i","4596":"n","4597":"d","4598":"e","4599":"x","4600":" ","4601":"<","4602":" ","4603":"t","4604":"h","4605":"i","4606":"s","4607":".","4608":"p","4609":"r","4610":"i","4611":"n","4612":"t","4613":"A","4614":"r","4615":"r","4616":"a","4617":"y","4618":".","4619":"l","4620":"e","4621":"n","4622":"g","4623":"t","4624":"h","4625":";","4626":" ","4627":"i","4628":"n","4629":"d","4630":"e","4631":"x","4632":"+","4633":"+","4634":")","4635":" ","4636":"{","4637":"\\","4638":"r","4639":"\\","4640":"n","4641":" ","4642":" ","4643":" ","4644":" ","4645":" ","4646":" ","4647":" ","4648":" ","4649":"c","4650":"o","4651":"n","4652":"s","4653":"o","4654":"l","4655":"e","4656":".","4657":"l","4658":"o","4659":"g","4660":"(","4661":"\\","4662":"\"","4663":"水","4664":"果","4665":"为","4666":"\\","4667":"\"","4668":",","4669":" ","4670":"t","4671":"h","4672":"i","4673":"s","4674":".","4675":"p","4676":"r","4677":"i","4678":"n","4679":"t","4680":"A","4681":"r","4682":"r","4683":"a","4684":"y","4685":"[","4686":"i","4687":"n","4688":"d","4689":"e","4690":"x","4691":"]","4692":")","4693":"\\","4694":"r","4695":"\\","4696":"n","4697":" ","4698":" ","4699":" ","4700":" ","4701":" ","4702":" ","4703":" ","4704":" ","4705":"s","4706":"e","4707":"t","4708":"T","4709":"i","4710":"m","4711":"e","4712":"o","4713":"u","4714":"t","4715":"(","4716":"(","4717":")","4718":" ","4719":"=","4720":">","4721":" ","4722":"{","4723":"\\","4724":"r","4725":"\\","4726":"n","4727":" ","4728":" ","4729":" ","4730":" ","4731":" ","4732":" ","4733":" ","4734":" ","4735":" ","4736":" ","4737":"t","4738":"h","4739":"i","4740":"s","4741":".","4742":"s","4743":"h","4744":"o","4745":"w","4746":"F","4747":"r","4748":"u","4749":"i","4750":"t","4751":" ","4752":"=","4753":" ","4754":"t","4755":"h","4756":"i","4757":"s","4758":".","4759":"p","4760":"r","4761":"i","4762":"n","4763":"t","4764":"A","4765":"r","4766":"r","4767":"a","4768":"y","4769":"[","4770":"i","4771":"n","4772":"d","4773":"e","4774":"x","4775":"]","4776":"\\","4777":"r","4778":"\\","4779":"n","4780":" ","4781":" ","4782":" ","4783":" ","4784":" ","4785":" ","4786":" ","4787":" ","4788":"}","4789":",","4790":" ","4791":"2","4792":"0","4793":"0","4794":"0","4795":")","4796":"\\","4797":"r","4798":"\\","4799":"n","4800":" ","4801":" ","4802":" ","4803":" ","4804":" ","4805":" ","4806":"}","4807":"\\","4808":"r","4809":"\\","4810":"n","4811":" ","4812":" ","4813":" ","4814":" ","4815":" ","4816":" ","4817":"l","4818":"e","4819":"t","4820":" ","4821":"a","4822":" ","4823":"=","4824":" ","4825":"3","4826":"\\","4827":"r","4828":"\\","4829":"n","4830":" ","4831":" ","4832":" ","4833":" ","4834":" ","4835":" ","4836":"l","4837":"e","4838":"t","4839":" ","4840":"b","4841":" ","4842":"=","4843":" ","4844":"4","4845":"\\","4846":"r","4847":"\\","4848":"n","4849":" ","4850":" ","4851":" ","4852":" ","4853":" ","4854":" ","4855":"l","4856":"e","4857":"t","4858":" ","4859":"c","4860":" ","4861":"=","4862":" ","4863":"4","4864":"\\","4865":"r","4866":"\\","4867":"n","4868":" ","4869":" ","4870":" ","4871":" ","4872":" ","4873":" ","4874":"i","4875":"f","4876":" ","4877":"(","4878":"a","4879":" ","4880":"=","4881":"=","4882":"=","4883":" ","4884":"b","4885":")","4886":" ","4887":"{","4888":"\\","4889":"r","4890":"\\","4891":"n","4892":" ","4893":" ","4894":" ","4895":" ","4896":" ","4897":" ","4898":" ","4899":" ","4900":"t","4901":"h","4902":"i","4903":"s","4904":".","4905":"p","4906":"r","4907":"i","4908":"n","4909":"t","4910":"F","4911":"r","4912":"u","4913":"i","4914":"t","4915":"s","4916":"2","4917":"(","4918":")","4919":"\\","4920":"r","4921":"\\","4922":"n","4923":" ","4924":" ","4925":" ","4926":" ","4927":" ","4928":" ","4929":"}","4930":" ","4931":"e","4932":"l","4933":"s","4934":"e","4935":" ","4936":"i","4937":"f","4938":" ","4939":"(","4940":"a","4941":" ","4942":"=","4943":"=","4944":"=","4945":" ","4946":"c","4947":")","4948":" ","4949":"{","4950":"\\","4951":"r","4952":"\\","4953":"n","4954":" ","4955":" ","4956":" ","4957":" ","4958":" ","4959":" ","4960":" ","4961":" ","4962":"t","4963":"h","4964":"i","4965":"s","4966":".","4967":"p","4968":"r","4969":"i","4970":"n","4971":"t","4972":"F","4973":"r","4974":"u","4975":"i","4976":"t","4977":"s","4978":"2","4979":"(","4980":")","4981":"\\","4982":"r","4983":"\\","4984":"n","4985":" ","4986":" ","4987":" ","4988":" ","4989":" ","4990":" ","4991":"}","4992":"\\","4993":"r","4994":"\\","4995":"n","4996":" ","4997":" ","4998":" ","4999":" ","5000":"}","5001":",","5002":"\\","5003":"r","5004":"\\","5005":"n","5006":" ","5007":" ","5008":"}","5009":",","5010":"\\","5011":"r","5012":"\\","5013":"n","5014":"}","5015":"\\","5016":"r","5017":"\\","5018":"n","5019":"<","5020":"/","5021":"s","5022":"c","5023":"r","5024":"i","5025":"p","5026":"t","5027":">","5028":"\\","5029":"r","5030":"\\","5031":"n","5032":"<","5033":"s","5034":"t","5035":"y","5036":"l","5037":"e","5038":" ","5039":"l","5040":"a","5041":"n","5042":"g","5043":"=","5044":"\\","5045":"\"","5046":"s","5047":"c","5048":"s","5049":"s","5050":"\\","5051":"\"","5052":">","5053":"\\","5054":"r","5055":"\\","5056":"n","5057":".","5058":"p","5059":"l","5060":"u","5061":"s","5062":"-","5063":"t","5064":"e","5065":"s","5066":"t","5067":" ","5068":"{","5069":"\\","5070":"r","5071":"\\","5072":"n","5073":" ","5074":" ","5075":"m","5076":"a","5077":"r","5078":"g","5079":"i","5080":"n","5081":"-","5082":"t","5083":"o","5084":"p","5085":":","5086":" ","5087":"1","5088":"0","5089":"p","5090":"x","5091":";","5092":"\\","5093":"r","5094":"\\","5095":"n","5096":" ","5097":" ","5098":"w","5099":"i","5100":"d","5101":"t","5102":"h","5103":":","5104":" ","5105":"5","5106":"0","5107":"%","5108":";","5109":"\\","5110":"r","5111":"\\","5112":"n","5113":" ","5114":" ","5115":"d","5116":"i","5117":"s","5118":"p","5119":"l","5120":"a","5121":"y","5122":":","5123":" ","5124":"f","5125":"l","5126":"e","5127":"x","5128":";","5129":"\\","5130":"r","5131":"\\","5132":"n","5133":" ","5134":" ","5135":"f","5136":"l","5137":"e","5138":"x","5139":"-","5140":"d","5141":"i","5142":"r","5143":"e","5144":"c","5145":"t","5146":"i","5147":"o","5148":"n","5149":":","5150":" ","5151":"c","5152":"o","5153":"l","5154":"u","5155":"m","5156":"n","5157":";","5158":"\\","5159":"r","5160":"\\","5161":"n","5162":" ","5163":" ","5164":".","5165":"f","5166":"i","5167":"r","5168":"s","5169":"t","5170":"-","5171":"i","5172":"n","5173":"p","5174":"u","5175":"t","5176":" ","5177":"{","5178":"\\","5179":"r","5180":"\\","5181":"n","5182":" ","5183":" ","5184":" ","5185":" ","5186":"d","5187":"i","5188":"s","5189":"p","5190":"l","5191":"a","5192":"y","5193":":","5194":" ","5195":"b","5196":"l","5197":"o","5198":"c","5199":"k","5200":";","5201":"\\","5202":"r","5203":"\\","5204":"n","5205":" ","5206":" ","5207":"}","5208":"\\","5209":"r","5210":"\\","5211":"n","5212":" ","5213":" ","5214":".","5215":"s","5216":"e","5217":"c","5218":"o","5219":"n","5220":"d","5221":"-","5222":"i","5223":"n","5224":"p","5225":"u","5226":"t","5227":" ","5228":"{","5229":"\\","5230":"r","5231":"\\","5232":"n","5233":" ","5234":" ","5235":" ","5236":" ","5237":"m","5238":"a","5239":"r","5240":"g","5241":"i","5242":"n","5243":"-","5244":"t","5245":"o","5246":"p","5247":":","5248":" ","5249":"1","5250":"0","5251":"p","5252":"x","5253":";","5254":"\\","5255":"r","5256":"\\","5257":"n","5258":" ","5259":" ","5260":" ","5261":" ","5262":"d","5263":"i","5264":"s","5265":"p","5266":"l","5267":"a","5268":"y","5269":":","5270":" ","5271":"b","5272":"l","5273":"o","5274":"c","5275":"k","5276":";","5277":"\\","5278":"r","5279":"\\","5280":"n","5281":" ","5282":" ","5283":"}","5284":"\\","5285":"r","5286":"\\","5287":"n","5288":" ","5289":" ","5290":".","5291":"e","5292":"q","5293":"u","5294":"a","5295":"l","5296":" ","5297":"{","5298":"\\","5299":"r","5300":"\\","5301":"n","5302":" ","5303":" ","5304":" ","5305":" ","5306":"h","5307":"e","5308":"i","5309":"g","5310":"h","5311":"t","5312":":","5313":" ","5314":"5","5315":"0","5316":"p","5317":"x","5318":";","5319":"\\","5320":"r","5321":"\\","5322":"n","5323":" ","5324":" ","5325":" ","5326":" ","5327":"l","5328":"i","5329":"n","5330":"e","5331":"-","5332":"h","5333":"e","5334":"i","5335":"g","5336":"h","5337":"t","5338":":","5339":" ","5340":"5","5341":"0","5342":"p","5343":"x","5344":";","5345":"\\","5346":"r","5347":"\\","5348":"n","5349":" ","5350":" ","5351":"}","5352":"\\","5353":"r","5354":"\\","5355":"n","5356":"}","5357":"\\","5358":"r","5359":"\\","5360":"n","5361":".","5362":"c","5363":"s","5364":"s","5365":"-","5366":"s","5367":"c","5368":"a","5369":"n","5370":" ","5371":"{","5372":"\\","5373":"r","5374":"\\","5375":"n","5376":" ","5377":" ","5378":"c","5379":"o","5380":"l","5381":"o","5382":"r","5383":":","5384":" ","5385":"#","5386":"3","5387":"c","5388":"b","5389":"3","5390":"7","5391":"1","5392":"a","5393":"c","5394":";","5395":"\\","5396":"r","5397":"\\","5398":"n","5399":"}","5400":"\\","5401":"r","5402":"\\","5403":"n","5404":"<","5405":"/","5406":"s","5407":"t","5408":"y","5409":"l","5410":"e","5411":">","5412":"\\","5413":"r","5414":"\\","5415":"n","5416":"\"","5417":"]","5418":"}"}}
,"D:\\sonor\\sonar-scanner-7.2.0.5079-windows-x64\\conf\\vue1\\my-vue-project\\src\\components\\HelloWorld.vue": {"path":"D:\\sonor\\sonar-scanner-7.2.0.5079-windows-x64\\conf\\vue1\\my-vue-project\\src\\components\\HelloWorld.vue","statementMap":{"0":{"start":{"line":4,"column":0},"end":{"line":6,"column":3}},"1":{"start":{"line":7,"column":0},"end":{"line":7,"column":25}},"2":{"start":{"line":8,"column":15},"end":{"line":16,"column":1}},"3":{"start":{"line":17,"column":0},"end":{"line":17,"column":13}},"4":{"start":{"line":19,"column":0},"end":{"line":21,"column":3}},"5":{"start":{"line":22,"column":0},"end":{"line":22,"column":24}},"6":{"start":{"line":23,"column":11},"end":{"line":23,"column":25}},"7":{"start":{"line":24,"column":19},"end":{"line":26,"column":1}},"8":{"start":{"line":28,"column":2},"end":{"line":28,"column":175}},"9":{"start":{"line":29,"column":2},"end":{"line":29,"column":49}}},"fnMap":{"0":{"name":"render","decl":{"start":{"line":27,"column":9},"end":{"line":27,"column":15}},"loc":{"start":{"line":27,"column":30},"end":{"line":29,"column":1}},"line":27}},"branchMap":{},"s":{"0":1,"1":1,"2":1,"3":1,"4":1,"5":1,"6":1,"7":1,"8":1,"9":1},"f":{"0":1},"b":{},"inputSourceMap":{"0":"{","1":"\"","2":"v","3":"e","4":"r","5":"s","6":"i","7":"o","8":"n","9":"\"","10":":","11":"3","12":",","13":"\"","14":"s","15":"o","16":"u","17":"r","18":"c","19":"e","20":"s","21":"\"","22":":","23":"[","24":"\"","25":"D","26":":","27":"\\","28":"\\","29":"s","30":"o","31":"n","32":"o","33":"r","34":"\\","35":"\\","36":"s","37":"o","38":"n","39":"a","40":"r","41":"-","42":"s","43":"c","44":"a","45":"n","46":"n","47":"e","48":"r","49":"-","50":"7","51":".","52":"2","53":".","54":"0","55":".","56":"5","57":"0","58":"7","59":"9","60":"-","61":"w","62":"i","63":"n","64":"d","65":"o","66":"w","67":"s","68":"-","69":"x","70":"6","71":"4","72":"\\","73":"\\","74":"c","75":"o","76":"n","77":"f","78":"\\","79":"\\","80":"v","81":"u","82":"e","83":"1","84":"\\","85":"\\","86":"m","87":"y","88":"-","89":"v","90":"u","91":"e","92":"-","93":"p","94":"r","95":"o","96":"j","97":"e","98":"c","99":"t","100":"\\","101":"\\","102":"s","103":"r","104":"c","105":"\\","106":"\\","107":"c","108":"o","109":"m","110":"p","111":"o","112":"n","113":"e","114":"n","115":"t","116":"s","117":"\\","118":"\\","119":"H","120":"e","121":"l","122":"l","123":"o","124":"W","125":"o","126":"r","127":"l","128":"d","129":".","130":"v","131":"u","132":"e","133":"\"","134":"]","135":",","136":"\"","137":"n","138":"a","139":"m","140":"e","141":"s","142":"\"","143":":","144":"[","145":"]","146":",","147":"\"","148":"m","149":"a","150":"p","151":"p","152":"i","153":"n","154":"g","155":"s","156":"\"","157":":","158":"\"","159":";","160":";","161":";","162":";","163":";","164":";","165":";","166":"i","167":"C","168":"A","169":"O","170":"e","171":";","172":"E","173":"A","174":"C","175":"b","176":",","177":"I","178":"A","179":"A","180":"I","181":",","182":"E","183":"A","184":"A","185":"E","186":",","187":"Y","188":"A","189":"A","190":"Y","191":";","192":"E","193":"A","194":"C","195":"l","196":"B","197":",","198":"K","199":"A","200":"A","201":"K","202":",","203":"E","204":"A","205":"A","206":"E","207":";","208":"I","209":"A","210":"C","211":"L","212":",","213":"G","214":"A","215":"A","216":"G","217":",","218":"E","219":"A","220":"A","221":"E","222":";","223":"M","224":"A","225":"C","226":"H","227":",","228":"I","229":"A","230":"A","231":"I","232":",","233":"E","234":"A","235":"A","236":"E","237":",","238":"M","239":"A","240":"A","241":"M","242":";","243":"M","244":"A","245":"C","246":"Z","247":",","248":"O","249":"A","250":"A","251":"O","252":",","253":"E","254":"A","255":"A","256":"E","257":";","258":"I","259":"A","260":"C","261":"X","262":";","263":"E","264":"A","265":"C","266":"F","267":";","268":"A","269":"A","270":"C","271":"F","272":",","273":"C","274":"A","275":"A","276":"C","277":"\"","278":",","279":"\"","280":"f","281":"i","282":"l","283":"e","284":"\"","285":":","286":"\"","287":"D","288":":","289":"\\","290":"\\","291":"s","292":"o","293":"n","294":"o","295":"r","296":"\\","297":"\\","298":"s","299":"o","300":"n","301":"a","302":"r","303":"-","304":"s","305":"c","306":"a","307":"n","308":"n","309":"e","310":"r","311":"-","312":"7","313":".","314":"2","315":".","316":"0","317":".","318":"5","319":"0","320":"7","321":"9","322":"-","323":"w","324":"i","325":"n","326":"d","327":"o","328":"w","329":"s","330":"-","331":"x","332":"6","333":"4","334":"\\","335":"\\","336":"c","337":"o","338":"n","339":"f","340":"\\","341":"\\","342":"v","343":"u","344":"e","345":"1","346":"\\","347":"\\","348":"m","349":"y","350":"-","351":"v","352":"u","353":"e","354":"-","355":"p","356":"r","357":"o","358":"j","359":"e","360":"c","361":"t","362":"\\","363":"\\","364":"s","365":"r","366":"c","367":"\\","368":"\\","369":"c","370":"o","371":"m","372":"p","373":"o","374":"n","375":"e","376":"n","377":"t","378":"s","379":"\\","380":"\\","381":"H","382":"e","383":"l","384":"l","385":"o","386":"W","387":"o","388":"r","389":"l","390":"d","391":".","392":"v","393":"u","394":"e","395":"\"","396":",","397":"\"","398":"s","399":"o","400":"u","401":"r","402":"c","403":"e","404":"s","405":"C","406":"o","407":"n","408":"t","409":"e","410":"n","411":"t","412":"\"","413":":","414":"[","415":"\"","416":"<","417":"t","418":"e","419":"m","420":"p","421":"l","422":"a","423":"t","424":"e","425":">","426":"\\","427":"r","428":"\\","429":"n","430":" ","431":" ","432":"<","433":"d","434":"i","435":"v","436":" ","437":"c","438":"l","439":"a","440":"s","441":"s","442":"=","443":"\\","444":"\"","445":"h","446":"e","447":"l","448":"l","449":"o","450":"\\","451":"\"","452":">","453":"\\","454":"r","455":"\\","456":"n","457":" ","458":" ","459":" ","460":" ","461":"<","462":"h","463":"1","464":">","465":"{","466":"{","467":" ","468":"m","469":"s","470":"g","471":" ","472":"}","473":"}","474":"<","475":"/","476":"h","477":"1","478":">","479":"\\","480":"r","481":"\\","482":"n","483":" ","484":" ","485":"<","486":"/","487":"d","488":"i","489":"v","490":">","491":"\\","492":"r","493":"\\","494":"n","495":"<","496":"/","497":"t","498":"e","499":"m","500":"p","501":"l","502":"a","503":"t","504":"e","505":">","506":"\\","507":"r","508":"\\","509":"n","510":"\\","511":"r","512":"\\","513":"n","514":"<","515":"s","516":"c","517":"r","518":"i","519":"p","520":"t","521":">","522":"\\","523":"r","524":"\\","525":"n","526":"e","527":"x","528":"p","529":"o","530":"r","531":"t","532":" ","533":"d","534":"e","535":"f","536":"a","537":"u","538":"l","539":"t","540":" ","541":"{","542":"\\","543":"r","544":"\\","545":"n","546":" ","547":" ","548":"n","549":"a","550":"m","551":"e","552":":","553":" ","554":"\\","555":"\"","556":"H","557":"e","558":"l","559":"l","560":"o","561":"W","562":"o","563":"r","564":"l","565":"d","566":"\\","567":"\"","568":",","569":"\\","570":"r","571":"\\","572":"n","573":" ","574":" ","575":"p","576":"r","577":"o","578":"p","579":"s","580":":","581":" ","582":"{","583":"\\","584":"r","585":"\\","586":"n","587":" ","588":" ","589":" ","590":" ","591":"m","592":"s","593":"g","594":":","595":" ","596":"{","597":"\\","598":"r","599":"\\","600":"n","601":" ","602":" ","603":" ","604":" ","605":" ","606":" ","607":"t","608":"y","609":"p","610":"e","611":":","612":" ","613":"S","614":"t","615":"r","616":"i","617":"n","618":"g","619":",","620":"\\","621":"r","622":"\\","623":"n","624":" ","625":" ","626":" ","627":" ","628":" ","629":" ","630":"d","631":"e","632":"f","633":"a","634":"u","635":"l","636":"t","637":":","638":" ","639":"\\","640":"\"","641":"H","642":"e","643":"l","644":"l","645":"o","646":",","647":" ","648":"W","649":"o","650":"r","651":"l","652":"d","653":"!","654":"\\","655":"\"","656":",","657":"\\","658":"r","659":"\\","660":"n","661":" ","662":" ","663":" ","664":" ","665":"}","666":",","667":"\\","668":"r","669":"\\","670":"n","671":" ","672":" ","673":"}","674":",","675":"\\","676":"r","677":"\\","678":"n","679":"}","680":"\\","681":"r","682":"\\","683":"n","684":"<","685":"/","686":"s","687":"c","688":"r","689":"i","690":"p","691":"t","692":">","693":"\\","694":"r","695":"\\","696":"n","697":"\"","698":"]","699":"}"},"_coverageSchema":"1a1c01bbd47fc00a2c39e90264f33305004495a9","hash":"ded05f6c27349070ea5431a04c288192cdd9beca"}
,"D:\\sonor\\sonar-scanner-7.2.0.5079-windows-x64\\conf\\vue1\\my-vue-project\\src\\components\\Home.vue": {"path":"D:\\sonor\\sonar-scanner-7.2.0.5079-windows-x64\\conf\\vue1\\my-vue-project\\src\\components\\Home.vue","statementMap":{"0":{"start":{"line":4,"column":0},"end":{"line":6,"column":3}},"1":{"start":{"line":7,"column":0},"end":{"line":7,"column":25}},"2":{"start":{"line":8,"column":15},"end":{"line":24,"column":1}},"3":{"start":{"line":12,"column":6},"end":{"line":12,"column":31}},"4":{"start":{"line":13,"column":6},"end":{"line":15,"column":9}},"5":{"start":{"line":18,"column":6},"end":{"line":18,"column":35}},"6":{"start":{"line":19,"column":6},"end":{"line":21,"column":9}},"7":{"start":{"line":25,"column":0},"end":{"line":25,"column":13}},"8":{"start":{"line":27,"column":0},"end":{"line":29,"column":3}},"9":{"start":{"line":30,"column":0},"end":{"line":30,"column":24}},"10":{"start":{"line":31,"column":11},"end":{"line":31,"column":25}},"11":{"start":{"line":33,"column":2},"end":{"line":37,"column":29}},"12":{"start":{"line":34,"column":52},"end":{"line":34,"column":93}},"13":{"start":{"line":36,"column":52},"end":{"line":36,"column":93}},"14":{"start":{"line":38,"column":2},"end":{"line":38,"column":49}}},"fnMap":{"0":{"name":"(anonymous_0)","decl":{"start":{"line":11,"column":4},"end":{"line":11,"column":5}},"loc":{"start":{"line":11,"column":16},"end":{"line":16,"column":5}},"line":11},"1":{"name":"(anonymous_1)","decl":{"start":{"line":17,"column":4},"end":{"line":17,"column":5}},"loc":{"start":{"line":17,"column":16},"end":{"line":22,"column":5}},"line":17},"2":{"name":"render","decl":{"start":{"line":32,"column":9},"end":{"line":32,"column":15}},"loc":{"start":{"line":32,"column":30},"end":{"line":38,"column":1}},"line":32},"3":{"name":"(anonymous_3)","decl":{"start":{"line":34,"column":39},"end":{"line":34,"column":40}},"loc":{"start":{"line":34,"column":52},"end":{"line":34,"column":93}},"line":34},"4":{"name":"(anonymous_4)","decl":{"start":{"line":36,"column":39},"end":{"line":36,"column":40}},"loc":{"start":{"line":36,"column":52},"end":{"line":36,"column":93}},"line":36}},"branchMap":{"0":{"loc":{"start":{"line":33,"column":75},"end":{"line":33,"column":165}},"type":"binary-expr","locations":[{"start":{"line":33,"column":75},"end":{"line":33,"column":84}},{"start":{"line":33,"column":89},"end":{"line":33,"column":164}}],"line":33},"1":{"loc":{"start":{"line":34,"column":13},"end":{"line":34,"column":94}},"type":"binary-expr","locations":[{"start":{"line":34,"column":13},"end":{"line":34,"column":22}},{"start":{"line":34,"column":27},"end":{"line":34,"column":93}}],"line":34},"2":{"loc":{"start":{"line":34,"column":52},"end":{"line":34,"column":93}},"type":"binary-expr","locations":[{"start":{"line":34,"column":52},"end":{"line":34,"column":66}},{"start":{"line":34,"column":70},"end":{"line":34,"column":93}}],"line":34},"3":{"loc":{"start":{"line":36,"column":13},"end":{"line":36,"column":94}},"type":"binary-expr","locations":[{"start":{"line":36,"column":13},"end":{"line":36,"column":22}},{"start":{"line":36,"column":27},"end":{"line":36,"column":93}}],"line":36},"4":{"loc":{"start":{"line":36,"column":52},"end":{"line":36,"column":93}},"type":"binary-expr","locations":[{"start":{"line":36,"column":52},"end":{"line":36,"column":66}},{"start":{"line":36,"column":70},"end":{"line":36,"column":93}}],"line":36}},"s":{"0":0,"1":0,"2":0,"3":0,"4":0,"5":0,"6":0,"7":0,"8":0,"9":0,"10":0,"11":0,"12":0,"13":0,"14":0},"f":{"0":0,"1":0,"2":0,"3":0,"4":0},"b":{"0":[0,0],"1":[0,0],"2":[0,0],"3":[0,0],"4":[0,0]},"inputSourceMap":{"0":"{","1":"\"","2":"v","3":"e","4":"r","5":"s","6":"i","7":"o","8":"n","9":"\"","10":":","11":"3","12":",","13":"\"","14":"s","15":"o","16":"u","17":"r","18":"c","19":"e","20":"s","21":"\"","22":":","23":"[","24":"\"","25":"D","26":":","27":"\\","28":"\\","29":"s","30":"o","31":"n","32":"o","33":"r","34":"\\","35":"\\","36":"s","37":"o","38":"n","39":"a","40":"r","41":"-","42":"s","43":"c","44":"a","45":"n","46":"n","47":"e","48":"r","49":"-","50":"7","51":".","52":"2","53":".","54":"0","55":".","56":"5","57":"0","58":"7","59":"9","60":"-","61":"w","62":"i","63":"n","64":"d","65":"o","66":"w","67":"s","68":"-","69":"x","70":"6","71":"4","72":"\\","73":"\\","74":"c","75":"o","76":"n","77":"f","78":"\\","79":"\\","80":"v","81":"u","82":"e","83":"1","84":"\\","85":"\\","86":"m","87":"y","88":"-","89":"v","90":"u","91":"e","92":"-","93":"p","94":"r","95":"o","96":"j","97":"e","98":"c","99":"t","100":"\\","101":"\\","102":"s","103":"r","104":"c","105":"\\","106":"\\","107":"c","108":"o","109":"m","110":"p","111":"o","112":"n","113":"e","114":"n","115":"t","116":"s","117":"\\","118":"\\","119":"H","120":"o","121":"m","122":"e","123":".","124":"v","125":"u","126":"e","127":"\"","128":"]","129":",","130":"\"","131":"n","132":"a","133":"m","134":"e","135":"s","136":"\"","137":":","138":"[","139":"]","140":",","141":"\"","142":"m","143":"a","144":"p","145":"p","146":"i","147":"n","148":"g","149":"s","150":"\"","151":":","152":"\"","153":";","154":";","155":";","156":";","157":";","158":";","159":";","160":"i","161":"C","162":"A","163":"U","164":"e","165":";","166":"E","167":"A","168":"C","169":"b","170":",","171":"I","172":"A","173":"A","174":"I","175":",","176":"E","177":"A","178":"A","179":"E","180":",","181":"W","182":"A","183":"A","184":"W","185":";","186":"E","187":"A","188":"C","189":"j","190":"B","191":",","192":"O","193":"A","194":"A","195":"O","196":",","197":"E","198":"A","199":"A","200":"E","201":";","202":"I","203":"A","204":"C","205":"P","206":",","207":"S","208":"A","209":"A","210":"S","211":",","212":"G","213":"A","214":"A","215":"G","216":";","217":"M","218":"A","219":"C","220":"V","221":",","222":"O","223":"A","224":"A","225":"O","226":",","227":"C","228":"A","229":"A","230":"C","231":",","232":"G","233":"A","234":"A","235":"G","236":",","237":"C","238":"A","239":"A","240":"C","241":",","242":"W","243":"A","244":"A","245":"W","246":",","247":"C","248":"A","249":"A","250":"C","251":";","252":"M","253":"A","254":"C","255":"x","256":"B","257":",","258":"I","259":"A","260":"A","261":"I","262":",","263":"C","264":"A","265":"A","266":"C","267":",","268":"O","269":"A","270":"A","271":"O","272":",","273":"C","274":"A","275":"A","276":"C","277":",","278":"I","279":"A","280":"A","281":"I","282":",","283":"C","284":"A","285":"A","286":"C","287":";","288":"Q","289":"A","290":"A","291":"E","292":",","293":"I","294":"A","295":"A","296":"I","297":",","298":"E","299":"A","300":"A","301":"E","302":";","303":"M","304":"A","305":"A","306":"Q","307":",","308":"C","309":"A","310":"A","311":"C","312":",","313":"C","314":"A","315":"A","316":"C","317":";","318":"I","319":"A","320":"C","321":"t","322":"C","323":",","324":"C","325":"A","326":"A","327":"C","328":";","329":"I","330":"A","331":"C","332":"D","333":",","334":"S","335":"A","336":"A","337":"S","338":",","339":"G","340":"A","341":"A","342":"G","343":";","344":"M","345":"A","346":"C","347":"V","348":",","349":"O","350":"A","351":"A","352":"O","353":",","354":"C","355":"A","356":"A","357":"C","358":",","359":"G","360":"A","361":"A","362":"G","363":",","364":"C","365":"A","366":"A","367":"C","368":",","369":"e","370":"A","371":"A","372":"e","373":",","374":"C","375":"A","376":"A","377":"C","378":";","379":"M","380":"A","381":"C","382":"5","383":"B","384":",","385":"I","386":"A","387":"A","388":"I","389":",","390":"C","391":"A","392":"A","393":"C","394":",","395":"O","396":"A","397":"A","398":"O","399":",","400":"C","401":"A","402":"A","403":"C","404":",","405":"I","406":"A","407":"A","408":"I","409":",","410":"C","411":"A","412":"A","413":"C","414":";","415":"Q","416":"A","417":"A","418":"E","419":",","420":"I","421":"A","422":"A","423":"I","424":",","425":"E","426":"A","427":"A","428":"E","429":";","430":"M","431":"A","432":"A","433":"a","434":",","435":"C","436":"A","437":"A","438":"C","439":",","440":"C","441":"A","442":"A","443":"C","444":";","445":"I","446":"A","447":"C","448":"3","449":"C","450":";","451":"E","452":"A","453":"C","454":"F","455":";","456":"A","457":"A","458":"C","459":"F","460":",","461":"C","462":"A","463":"A","464":"C","465":"\"","466":",","467":"\"","468":"f","469":"i","470":"l","471":"e","472":"\"","473":":","474":"\"","475":"D","476":":","477":"\\","478":"\\","479":"s","480":"o","481":"n","482":"o","483":"r","484":"\\","485":"\\","486":"s","487":"o","488":"n","489":"a","490":"r","491":"-","492":"s","493":"c","494":"a","495":"n","496":"n","497":"e","498":"r","499":"-","500":"7","501":".","502":"2","503":".","504":"0","505":".","506":"5","507":"0","508":"7","509":"9","510":"-","511":"w","512":"i","513":"n","514":"d","515":"o","516":"w","517":"s","518":"-","519":"x","520":"6","521":"4","522":"\\","523":"\\","524":"c","525":"o","526":"n","527":"f","528":"\\","529":"\\","530":"v","531":"u","532":"e","533":"1","534":"\\","535":"\\","536":"m","537":"y","538":"-","539":"v","540":"u","541":"e","542":"-","543":"p","544":"r","545":"o","546":"j","547":"e","548":"c","549":"t","550":"\\","551":"\\","552":"s","553":"r","554":"c","555":"\\","556":"\\","557":"c","558":"o","559":"m","560":"p","561":"o","562":"n","563":"e","564":"n","565":"t","566":"s","567":"\\","568":"\\","569":"H","570":"o","571":"m","572":"e","573":".","574":"v","575":"u","576":"e","577":"\"","578":",","579":"\"","580":"s","581":"o","582":"u","583":"r","584":"c","585":"e","586":"s","587":"C","588":"o","589":"n","590":"t","591":"e","592":"n","593":"t","594":"\"","595":":","596":"[","597":"\"","598":"<","599":"t","600":"e","601":"m","602":"p","603":"l","604":"a","605":"t","606":"e","607":">","608":"\\","609":"r","610":"\\","611":"n","612":" ","613":" ","614":"<","615":"d","616":"i","617":"v","618":">","619":"\\","620":"r","621":"\\","622":"n","623":" ","624":" ","625":" ","626":" ","627":"<","628":"h","629":"1","630":">","631":"首","632":"页","633":"<","634":"/","635":"h","636":"1","637":">","638":"\\","639":"r","640":"\\","641":"n","642":" ","643":" ","644":" ","645":" ","646":"<","647":"!","648":"-","649":"-","650":" ","651":"<","652":"r","653":"o","654":"u","655":"t","656":"e","657":"r","658":"-","659":"l","660":"i","661":"n","662":"k","663":" ","664":"t","665":"o","666":"=","667":"\\","668":"\"","669":"/","670":"a","671":"b","672":"o","673":"u","674":"t","675":"\\","676":"\"","677":">","678":"去","679":"关","680":"于","681":"页","682":"面","683":"<","684":"/","685":"r","686":"o","687":"u","688":"t","689":"e","690":"r","691":"-","692":"l","693":"i","694":"n","695":"k","696":">","697":" ","698":"-","699":"-","700":">","701":"\\","702":"r","703":"\\","704":"n","705":" ","706":" ","707":" ","708":" ","709":"<","710":"b","711":"u","712":"t","713":"t","714":"o","715":"n","716":" ","717":"@","718":"c","719":"l","720":"i","721":"c","722":"k","723":"=","724":"\\","725":"\"","726":"g","727":"o","728":"T","729":"o","730":"A","731":"b","732":"o","733":"u","734":"t","735":"\\","736":"\"","737":">","738":"去","739":"关","740":"于","741":"页","742":"面","743":" ","744":"(","745":"编","746":"程","747":"式","748":")","749":"<","750":"/","751":"b","752":"u","753":"t","754":"t","755":"o","756":"n","757":">","758":"\\","759":"r","760":"\\","761":"n","762":" ","763":" ","764":" ","765":" ","766":"<","767":"b","768":"u","769":"t","770":"t","771":"o","772":"n","773":" ","774":"@","775":"c","776":"l","777":"i","778":"c","779":"k","780":"=","781":"\\","782":"\"","783":"g","784":"o","785":"T","786":"o","787":"H","788":"e","789":"l","790":"l","791":"o","792":"\\","793":"\"","794":">","795":"去","796":"H","797":"e","798":"l","799":"l","800":"o","801":"W","802":"o","803":"r","804":"l","805":"d","806":"页","807":"面","808":"(","809":"编","810":"程","811":"式","812":")","813":"<","814":"/","815":"b","816":"u","817":"t","818":"t","819":"o","820":"n","821":">","822":"\\","823":"r","824":"\\","825":"n","826":" ","827":" ","828":"<","829":"/","830":"d","831":"i","832":"v","833":">","834":"\\","835":"r","836":"\\","837":"n","838":"<","839":"/","840":"t","841":"e","842":"m","843":"p","844":"l","845":"a","846":"t","847":"e","848":">","849":"\\","850":"r","851":"\\","852":"n","853":"\\","854":"r","855":"\\","856":"n","857":"<","858":"s","859":"c","860":"r","861":"i","862":"p","863":"t","864":">","865":"\\","866":"r","867":"\\","868":"n","869":"e","870":"x","871":"p","872":"o","873":"r","874":"t","875":" ","876":"d","877":"e","878":"f","879":"a","880":"u","881":"l","882":"t","883":" ","884":"{","885":"\\","886":"r","887":"\\","888":"n","889":" ","890":" ","891":"n","892":"a","893":"m","894":"e","895":":","896":" ","897":"\\","898":"\"","899":"H","900":"o","901":"m","902":"e","903":"-","904":"n","905":"a","906":"m","907":"e","908":"\\","909":"\"","910":",","911":"\\","912":"r","913":"\\","914":"n","915":" ","916":" ","917":"m","918":"e","919":"t","920":"h","921":"o","922":"d","923":"s","924":":","925":" ","926":"{","927":"\\","928":"r","929":"\\","930":"n","931":" ","932":" ","933":" ","934":" ","935":"g","936":"o","937":"T","938":"o","939":"A","940":"b","941":"o","942":"u","943":"t","944":"(","945":")","946":" ","947":"{","948":"\\","949":"r","950":"\\","951":"n","952":" ","953":" ","954":" ","955":" ","956":" ","957":" ","958":"c","959":"o","960":"n","961":"s","962":"o","963":"l","964":"e","965":".","966":"l","967":"o","968":"g","969":"(","970":"\\","971":"\"","972":"页","973":"面","974":"跳","975":"转","976":"A","977":"b","978":"o","979":"u","980":"t","981":"\\","982":"\"","983":")","984":"\\","985":"r","986":"\\","987":"n","988":" ","989":" ","990":" ","991":" ","992":" ","993":" ","994":"t","995":"h","996":"i","997":"s","998":".","999":"$","1000":"r","1001":"o","1002":"u","1003":"t","1004":"e","1005":"r","1006":".","1007":"p","1008":"u","1009":"s","1010":"h","1011":"(","1012":"{","1013":" ","1014":"n","1015":"a","1016":"m","1017":"e","1018":":","1019":" ","1020":"\\","1021":"\"","1022":"A","1023":"b","1024":"o","1025":"u","1026":"t","1027":"\\","1028":"\"","1029":" ","1030":"}","1031":")","1032":"\\","1033":"r","1034":"\\","1035":"n","1036":" ","1037":" ","1038":" ","1039":" ","1040":"}","1041":",","1042":"\\","1043":"r","1044":"\\","1045":"n","1046":" ","1047":" ","1048":" ","1049":" ","1050":"g","1051":"o","1052":"T","1053":"o","1054":"H","1055":"e","1056":"l","1057":"l","1058":"o","1059":"(","1060":")","1061":" ","1062":"{","1063":"\\","1064":"r","1065":"\\","1066":"n","1067":" ","1068":" ","1069":" ","1070":" ","1071":" ","1072":" ","1073":"c","1074":"o","1075":"n","1076":"s","1077":"o","1078":"l","1079":"e","1080":".","1081":"l","1082":"o","1083":"g","1084":"(","1085":"\\","1086":"\"","1087":"页","1088":"面","1089":"跳","1090":"转","1091":"g","1092":"o","1093":"T","1094":"o","1095":"H","1096":"e","1097":"l","1098":"l","1099":"o","1100":"\\","1101":"\"","1102":")","1103":"\\","1104":"r","1105":"\\","1106":"n","1107":" ","1108":" ","1109":" ","1110":" ","1111":" ","1112":" ","1113":"t","1114":"h","1115":"i","1116":"s","1117":".","1118":"$","1119":"r","1120":"o","1121":"u","1122":"t","1123":"e","1124":"r","1125":".","1126":"p","1127":"u","1128":"s","1129":"h","1130":"(","1131":"{","1132":" ","1133":"n","1134":"a","1135":"m","1136":"e","1137":":","1138":" ","1139":"\\","1140":"\"","1141":"H","1142":"e","1143":"l","1144":"l","1145":"o","1146":"W","1147":"o","1148":"r","1149":"l","1150":"d","1151":"\\","1152":"\"","1153":" ","1154":"}","1155":")","1156":"\\","1157":"r","1158":"\\","1159":"n","1160":" ","1161":" ","1162":" ","1163":" ","1164":"}","1165":",","1166":"\\","1167":"r","1168":"\\","1169":"n","1170":" ","1171":" ","1172":"}","1173":",","1174":"\\","1175":"r","1176":"\\","1177":"n","1178":"}","1179":"\\","1180":"r","1181":"\\","1182":"n","1183":"<","1184":"/","1185":"s","1186":"c","1187":"r","1188":"i","1189":"p","1190":"t","1191":">","1192":"\\","1193":"r","1194":"\\","1195":"n","1196":"\"","1197":"]","1198":"}"}}
}
